{"C:\\Users\\Lenovo\\IdeaProjects\\nutritrack_application f\\Nutritrack_App\\src\\App.js": {"path":"C:\\Users\\Lenovo\\IdeaProjects\\nutritrack_application f\\Nutritrack_App\\src\\App.js","statementMap":{"0":{"start":{"line":18,"column":12},"end":{"line":54,"column":1}},"1":{"start":{"line":20,"column":44},"end":{"line":20,"column":65}},"2":{"start":{"line":21,"column":38},"end":{"line":21,"column":53}},"3":{"start":{"line":23,"column":22},"end":{"line":25,"column":3}},"4":{"start":{"line":24,"column":4},"end":{"line":24,"column":24}},"5":{"start":{"line":27,"column":16},"end":{"line":40,"column":3}},"6":{"start":{"line":28,"column":4},"end":{"line":39,"column":18}},"7":{"start":{"line":42,"column":2},"end":{"line":53,"column":4}},"8":{"start":{"line":56,"column":15},"end":{"line":113,"column":1}}},"fnMap":{"0":{"name":"(anonymous_0)","decl":{"start":{"line":18,"column":12},"end":{"line":18,"column":13}},"loc":{"start":{"line":18,"column":18},"end":{"line":54,"column":1}},"line":18},"1":{"name":"(anonymous_1)","decl":{"start":{"line":23,"column":22},"end":{"line":23,"column":23}},"loc":{"start":{"line":23,"column":28},"end":{"line":25,"column":3}},"line":23},"2":{"name":"(anonymous_2)","decl":{"start":{"line":27,"column":16},"end":{"line":27,"column":17}},"loc":{"start":{"line":28,"column":4},"end":{"line":39,"column":18}},"line":28}},"branchMap":{"0":{"loc":{"start":{"line":32,"column":11},"end":{"line":32,"column":93}},"type":"binary-expr","locations":[{"start":{"line":32,"column":11},"end":{"line":32,"column":40}},{"start":{"line":32,"column":44},"end":{"line":32,"column":93}}],"line":32},"1":{"loc":{"start":{"line":33,"column":11},"end":{"line":33,"column":95}},"type":"binary-expr","locations":[{"start":{"line":33,"column":11},"end":{"line":33,"column":39}},{"start":{"line":33,"column":43},"end":{"line":33,"column":95}}],"line":33},"2":{"loc":{"start":{"line":34,"column":11},"end":{"line":34,"column":93}},"type":"binary-expr","locations":[{"start":{"line":34,"column":11},"end":{"line":34,"column":38}},{"start":{"line":34,"column":42},"end":{"line":34,"column":93}}],"line":34},"3":{"loc":{"start":{"line":35,"column":11},"end":{"line":35,"column":96}},"type":"binary-expr","locations":[{"start":{"line":35,"column":11},"end":{"line":35,"column":40}},{"start":{"line":35,"column":44},"end":{"line":35,"column":96}}],"line":35},"4":{"loc":{"start":{"line":36,"column":11},"end":{"line":36,"column":93}},"type":"binary-expr","locations":[{"start":{"line":36,"column":11},"end":{"line":36,"column":38}},{"start":{"line":36,"column":42},"end":{"line":36,"column":93}}],"line":36}},"s":{"0":0,"1":0,"2":0,"3":0,"4":0,"5":0,"6":0,"7":0,"8":0},"f":{"0":0,"1":0,"2":0},"b":{"0":[0,0],"1":[0,0],"2":[0,0],"3":[0,0],"4":[0,0]}}
,"C:\\Users\\Lenovo\\IdeaProjects\\nutritrack_application f\\Nutritrack_App\\src\\index.js": {"path":"C:\\Users\\Lenovo\\IdeaProjects\\nutritrack_application f\\Nutritrack_App\\src\\index.js","statementMap":{"0":{"start":{"line":7,"column":13},"end":{"line":7,"column":65}},"1":{"start":{"line":8,"column":0},"end":{"line":12,"column":2}}},"fnMap":{},"branchMap":{},"s":{"0":0,"1":0},"f":{},"b":{}}
,"C:\\Users\\Lenovo\\IdeaProjects\\nutritrack_application f\\Nutritrack_App\\src\\reportWebVitals.js": {"path":"C:\\Users\\Lenovo\\IdeaProjects\\nutritrack_application f\\Nutritrack_App\\src\\reportWebVitals.js","statementMap":{"0":{"start":{"line":1,"column":24},"end":{"line":11,"column":1}},"1":{"start":{"line":2,"column":2},"end":{"line":10,"column":3}},"2":{"start":{"line":3,"column":4},"end":{"line":9,"column":7}},"3":{"start":{"line":4,"column":6},"end":{"line":4,"column":26}},"4":{"start":{"line":5,"column":6},"end":{"line":5,"column":26}},"5":{"start":{"line":6,"column":6},"end":{"line":6,"column":26}},"6":{"start":{"line":7,"column":6},"end":{"line":7,"column":26}},"7":{"start":{"line":8,"column":6},"end":{"line":8,"column":27}}},"fnMap":{"0":{"name":"(anonymous_0)","decl":{"start":{"line":1,"column":24},"end":{"line":1,"column":25}},"loc":{"start":{"line":1,"column":39},"end":{"line":11,"column":1}},"line":1},"1":{"name":"(anonymous_1)","decl":{"start":{"line":3,"column":30},"end":{"line":3,"column":31}},"loc":{"start":{"line":3,"column":79},"end":{"line":9,"column":5}},"line":3}},"branchMap":{"0":{"loc":{"start":{"line":2,"column":2},"end":{"line":10,"column":3}},"type":"if","locations":[{"start":{"line":2,"column":2},"end":{"line":10,"column":3}},{"start":{},"end":{}}],"line":2},"1":{"loc":{"start":{"line":2,"column":6},"end":{"line":2,"column":52}},"type":"binary-expr","locations":[{"start":{"line":2,"column":6},"end":{"line":2,"column":17}},{"start":{"line":2,"column":21},"end":{"line":2,"column":52}}],"line":2}},"s":{"0":0,"1":0,"2":0,"3":0,"4":0,"5":0,"6":0,"7":0},"f":{"0":0,"1":0},"b":{"0":[0,0],"1":[0,0]}}
,"C:\\Users\\Lenovo\\IdeaProjects\\nutritrack_application f\\Nutritrack_App\\src\\components\\DailySummary.js": {"path":"C:\\Users\\Lenovo\\IdeaProjects\\nutritrack_application f\\Nutritrack_App\\src\\components\\DailySummary.js","statementMap":{"0":{"start":{"line":9,"column":15},"end":{"line":9,"column":59}},"1":{"start":{"line":10,"column":19},"end":{"line":10,"column":28}},"2":{"start":{"line":12,"column":25},"end":{"line":22,"column":1}},"3":{"start":{"line":25,"column":26},"end":{"line":25,"column":57}},"4":{"start":{"line":26,"column":26},"end":{"line":26,"column":40}},"5":{"start":{"line":27,"column":32},"end":{"line":27,"column":46}},"6":{"start":{"line":29,"column":2},"end":{"line":35,"column":13}},"7":{"start":{"line":31,"column":4},"end":{"line":34,"column":7}},"8":{"start":{"line":32,"column":6},"end":{"line":32,"column":19}},"9":{"start":{"line":33,"column":6},"end":{"line":33,"column":24}},"10":{"start":{"line":41,"column":4},"end":{"line":41,"column":49}},"11":{"start":{"line":41,"column":29},"end":{"line":41,"column":47}},"12":{"start":{"line":42,"column":4},"end":{"line":42,"column":28}},"13":{"start":{"line":45,"column":2},"end":{"line":52,"column":4}},"14":{"start":{"line":45,"column":24},"end":{"line":52,"column":4}},"15":{"start":{"line":54,"column":27},"end":{"line":54,"column":108}},"16":{"start":{"line":54,"column":53},"end":{"line":54,"column":106}},"17":{"start":{"line":55,"column":23},"end":{"line":55,"column":65}},"18":{"start":{"line":55,"column":48},"end":{"line":55,"column":57}},"19":{"start":{"line":56,"column":25},"end":{"line":56,"column":69}},"20":{"start":{"line":56,"column":50},"end":{"line":56,"column":61}},"21":{"start":{"line":58,"column":2},"end":{"line":186,"column":4}},"22":{"start":{"line":72,"column":31},"end":{"line":72,"column":54}},"23":{"start":{"line":126,"column":24},"end":{"line":126,"column":104}},"24":{"start":{"line":136,"column":18},"end":{"line":142,"column":24}},"25":{"start":{"line":169,"column":18},"end":{"line":169,"column":76}},"26":{"start":{"line":190,"column":2},"end":{"line":198,"column":4}},"27":{"start":{"line":202,"column":21},"end":{"line":202,"column":65}},"28":{"start":{"line":203,"column":2},"end":{"line":228,"column":4}}},"fnMap":{"0":{"name":"TrackingPage","decl":{"start":{"line":24,"column":24},"end":{"line":24,"column":36}},"loc":{"start":{"line":24,"column":39},"end":{"line":187,"column":1}},"line":24},"1":{"name":"(anonymous_1)","decl":{"start":{"line":29,"column":12},"end":{"line":29,"column":13}},"loc":{"start":{"line":29,"column":18},"end":{"line":35,"column":3}},"line":29},"2":{"name":"(anonymous_2)","decl":{"start":{"line":31,"column":30},"end":{"line":31,"column":31}},"loc":{"start":{"line":31,"column":39},"end":{"line":34,"column":5}},"line":31},"3":{"name":"fetchDailyData","decl":{"start":{"line":37,"column":17},"end":{"line":37,"column":31}},"loc":{"start":{"line":37,"column":46},"end":{"line":43,"column":3}},"line":37},"4":{"name":"(anonymous_4)","decl":{"start":{"line":41,"column":22},"end":{"line":41,"column":23}},"loc":{"start":{"line":41,"column":29},"end":{"line":41,"column":47}},"line":41},"5":{"name":"(anonymous_5)","decl":{"start":{"line":54,"column":42},"end":{"line":54,"column":43}},"loc":{"start":{"line":54,"column":53},"end":{"line":54,"column":106}},"line":54},"6":{"name":"(anonymous_6)","decl":{"start":{"line":55,"column":41},"end":{"line":55,"column":42}},"loc":{"start":{"line":55,"column":48},"end":{"line":55,"column":57}},"line":55},"7":{"name":"(anonymous_7)","decl":{"start":{"line":56,"column":43},"end":{"line":56,"column":44}},"loc":{"start":{"line":56,"column":50},"end":{"line":56,"column":61}},"line":56},"8":{"name":"(anonymous_8)","decl":{"start":{"line":72,"column":24},"end":{"line":72,"column":25}},"loc":{"start":{"line":72,"column":31},"end":{"line":72,"column":54}},"line":72},"9":{"name":"(anonymous_9)","decl":{"start":{"line":125,"column":44},"end":{"line":125,"column":45}},"loc":{"start":{"line":126,"column":24},"end":{"line":126,"column":104}},"line":126},"10":{"name":"(anonymous_10)","decl":{"start":{"line":135,"column":32},"end":{"line":135,"column":33}},"loc":{"start":{"line":136,"column":18},"end":{"line":142,"column":24}},"line":136},"11":{"name":"(anonymous_11)","decl":{"start":{"line":168,"column":32},"end":{"line":168,"column":33}},"loc":{"start":{"line":169,"column":18},"end":{"line":169,"column":76}},"line":169},"12":{"name":"Stat","decl":{"start":{"line":189,"column":9},"end":{"line":189,"column":13}},"loc":{"start":{"line":189,"column":38},"end":{"line":199,"column":1}},"line":189},"13":{"name":"MealCard","decl":{"start":{"line":201,"column":9},"end":{"line":201,"column":17}},"loc":{"start":{"line":201,"column":35},"end":{"line":229,"column":1}},"line":201}},"branchMap":{"0":{"loc":{"start":{"line":45,"column":2},"end":{"line":52,"column":4}},"type":"if","locations":[{"start":{"line":45,"column":2},"end":{"line":52,"column":4}},{"start":{},"end":{}}],"line":45},"1":{"loc":{"start":{"line":45,"column":6},"end":{"line":45,"column":22}},"type":"binary-expr","locations":[{"start":{"line":45,"column":6},"end":{"line":45,"column":13}},{"start":{"line":45,"column":17},"end":{"line":45,"column":22}}],"line":45},"2":{"loc":{"start":{"line":126,"column":56},"end":{"line":126,"column":100}},"type":"cond-expr","locations":[{"start":{"line":126,"column":76},"end":{"line":126,"column":86}},{"start":{"line":126,"column":89},"end":{"line":126,"column":100}}],"line":126},"3":{"loc":{"start":{"line":137,"column":81},"end":{"line":137,"column":122}},"type":"cond-expr","locations":[{"start":{"line":137,"column":100},"end":{"line":137,"column":110}},{"start":{"line":137,"column":113},"end":{"line":137,"column":122}}],"line":137},"4":{"loc":{"start":{"line":140,"column":82},"end":{"line":140,"column":143}},"type":"cond-expr","locations":[{"start":{"line":140,"column":94},"end":{"line":140,"column":103}},{"start":{"line":140,"column":106},"end":{"line":140,"column":143}}],"line":140},"5":{"loc":{"start":{"line":140,"column":106},"end":{"line":140,"column":143}},"type":"cond-expr","locations":[{"start":{"line":140,"column":120},"end":{"line":140,"column":131}},{"start":{"line":140,"column":134},"end":{"line":140,"column":143}}],"line":140},"6":{"loc":{"start":{"line":202,"column":21},"end":{"line":202,"column":65}},"type":"cond-expr","locations":[{"start":{"line":202,"column":36},"end":{"line":202,"column":37}},{"start":{"line":202,"column":40},"end":{"line":202,"column":65}}],"line":202},"7":{"loc":{"start":{"line":202,"column":40},"end":{"line":202,"column":65}},"type":"cond-expr","locations":[{"start":{"line":202,"column":57},"end":{"line":202,"column":60}},{"start":{"line":202,"column":63},"end":{"line":202,"column":65}}],"line":202},"8":{"loc":{"start":{"line":207,"column":161},"end":{"line":207,"column":200}},"type":"cond-expr","locations":[{"start":{"line":207,"column":183},"end":{"line":207,"column":192}},{"start":{"line":207,"column":195},"end":{"line":207,"column":200}}],"line":207},"9":{"loc":{"start":{"line":210,"column":55},"end":{"line":210,"column":122}},"type":"cond-expr","locations":[{"start":{"line":210,"column":70},"end":{"line":210,"column":79}},{"start":{"line":210,"column":82},"end":{"line":210,"column":122}}],"line":210},"10":{"loc":{"start":{"line":210,"column":82},"end":{"line":210,"column":122}},"type":"cond-expr","locations":[{"start":{"line":210,"column":99},"end":{"line":210,"column":110}},{"start":{"line":210,"column":113},"end":{"line":210,"column":122}}],"line":210},"11":{"loc":{"start":{"line":214,"column":50},"end":{"line":214,"column":114}},"type":"cond-expr","locations":[{"start":{"line":214,"column":70},"end":{"line":214,"column":92}},{"start":{"line":214,"column":95},"end":{"line":214,"column":114}}],"line":214},"12":{"loc":{"start":{"line":220,"column":90},"end":{"line":220,"column":122}},"type":"cond-expr","locations":[{"start":{"line":220,"column":105},"end":{"line":220,"column":114}},{"start":{"line":220,"column":117},"end":{"line":220,"column":122}}],"line":220}},"s":{"0":0,"1":0,"2":0,"3":0,"4":0,"5":0,"6":0,"7":0,"8":0,"9":0,"10":0,"11":0,"12":0,"13":0,"14":0,"15":0,"16":0,"17":0,"18":0,"19":0,"20":0,"21":0,"22":0,"23":0,"24":0,"25":0,"26":0,"27":0,"28":0},"f":{"0":0,"1":0,"2":0,"3":0,"4":0,"5":0,"6":0,"7":0,"8":0,"9":0,"10":0,"11":0,"12":0,"13":0},"b":{"0":[0,0],"1":[0,0],"2":[0,0],"3":[0,0],"4":[0,0],"5":[0,0],"6":[0,0],"7":[0,0],"8":[0,0],"9":[0,0],"10":[0,0],"11":[0,0],"12":[0,0]}}
,"C:\\Users\\Lenovo\\IdeaProjects\\nutritrack_application f\\Nutritrack_App\\src\\components\\Dashboard.js": {"path":"C:\\Users\\Lenovo\\IdeaProjects\\nutritrack_application f\\Nutritrack_App\\src\\components\\Dashboard.js","statementMap":{"0":{"start":{"line":13,"column":18},"end":{"line":298,"column":1}},"1":{"start":{"line":14,"column":85},"end":{"line":14,"column":100}},"2":{"start":{"line":15,"column":47},"end":{"line":15,"column":59}},"3":{"start":{"line":16,"column":27},"end":{"line":16,"column":38}},"4":{"start":{"line":18,"column":40},"end":{"line":18,"column":60}},"5":{"start":{"line":20,"column":2},"end":{"line":23,"column":9}},"6":{"start":{"line":21,"column":18},"end":{"line":21,"column":69}},"7":{"start":{"line":21,"column":36},"end":{"line":21,"column":62}},"8":{"start":{"line":22,"column":4},"end":{"line":22,"column":38}},"9":{"start":{"line":22,"column":17},"end":{"line":22,"column":37}},"10":{"start":{"line":25,"column":24},"end":{"line":25,"column":106}},"11":{"start":{"line":25,"column":52},"end":{"line":25,"column":102}},"12":{"start":{"line":26,"column":25},"end":{"line":26,"column":76}},"13":{"start":{"line":26,"column":46},"end":{"line":26,"column":68}},"14":{"start":{"line":27,"column":23},"end":{"line":27,"column":77}},"15":{"start":{"line":27,"column":44},"end":{"line":27,"column":69}},"16":{"start":{"line":29,"column":27},"end":{"line":34,"column":3}},"17":{"start":{"line":30,"column":25},"end":{"line":32,"column":5}},"18":{"start":{"line":31,"column":6},"end":{"line":31,"column":61}},"19":{"start":{"line":33,"column":4},"end":{"line":33,"column":30}},"20":{"start":{"line":36,"column":27},"end":{"line":39,"column":3}},"21":{"start":{"line":37,"column":23},"end":{"line":37,"column":74}},"22":{"start":{"line":37,"column":42},"end":{"line":37,"column":72}},"23":{"start":{"line":38,"column":4},"end":{"line":38,"column":28}},"24":{"start":{"line":41,"column":25},"end":{"line":43,"column":3}},"25":{"start":{"line":42,"column":4},"end":{"line":42,"column":44}},"26":{"start":{"line":45,"column":27},"end":{"line":47,"column":3}},"27":{"start":{"line":46,"column":4},"end":{"line":46,"column":25}},"28":{"start":{"line":49,"column":29},"end":{"line":55,"column":3}},"29":{"start":{"line":57,"column":22},"end":{"line":57,"column":95}},"30":{"start":{"line":59,"column":2},"end":{"line":297,"column":4}},"31":{"start":{"line":185,"column":27},"end":{"line":185,"column":55}},"32":{"start":{"line":194,"column":27},"end":{"line":194,"column":46}},"33":{"start":{"line":203,"column":27},"end":{"line":203,"column":54}},"34":{"start":{"line":212,"column":27},"end":{"line":212,"column":56}},"35":{"start":{"line":300,"column":15},"end":{"line":496,"column":1}}},"fnMap":{"0":{"name":"(anonymous_0)","decl":{"start":{"line":13,"column":18},"end":{"line":13,"column":19}},"loc":{"start":{"line":13,"column":44},"end":{"line":298,"column":1}},"line":13},"1":{"name":"(anonymous_1)","decl":{"start":{"line":20,"column":12},"end":{"line":20,"column":13}},"loc":{"start":{"line":20,"column":18},"end":{"line":23,"column":3}},"line":20},"2":{"name":"(anonymous_2)","decl":{"start":{"line":21,"column":30},"end":{"line":21,"column":31}},"loc":{"start":{"line":21,"column":36},"end":{"line":21,"column":62}},"line":21},"3":{"name":"(anonymous_3)","decl":{"start":{"line":22,"column":11},"end":{"line":22,"column":12}},"loc":{"start":{"line":22,"column":17},"end":{"line":22,"column":37}},"line":22},"4":{"name":"(anonymous_4)","decl":{"start":{"line":25,"column":37},"end":{"line":25,"column":38}},"loc":{"start":{"line":25,"column":52},"end":{"line":25,"column":102}},"line":25},"5":{"name":"(anonymous_5)","decl":{"start":{"line":26,"column":38},"end":{"line":26,"column":39}},"loc":{"start":{"line":26,"column":46},"end":{"line":26,"column":68}},"line":26},"6":{"name":"(anonymous_6)","decl":{"start":{"line":27,"column":36},"end":{"line":27,"column":37}},"loc":{"start":{"line":27,"column":44},"end":{"line":27,"column":69}},"line":27},"7":{"name":"(anonymous_7)","decl":{"start":{"line":29,"column":27},"end":{"line":29,"column":28}},"loc":{"start":{"line":29,"column":47},"end":{"line":34,"column":3}},"line":29},"8":{"name":"(anonymous_8)","decl":{"start":{"line":30,"column":35},"end":{"line":30,"column":36}},"loc":{"start":{"line":31,"column":6},"end":{"line":31,"column":61}},"line":31},"9":{"name":"(anonymous_9)","decl":{"start":{"line":36,"column":27},"end":{"line":36,"column":28}},"loc":{"start":{"line":36,"column":33},"end":{"line":39,"column":3}},"line":36},"10":{"name":"(anonymous_10)","decl":{"start":{"line":37,"column":33},"end":{"line":37,"column":34}},"loc":{"start":{"line":37,"column":42},"end":{"line":37,"column":72}},"line":37},"11":{"name":"(anonymous_11)","decl":{"start":{"line":41,"column":25},"end":{"line":41,"column":26}},"loc":{"start":{"line":41,"column":37},"end":{"line":43,"column":3}},"line":41},"12":{"name":"(anonymous_12)","decl":{"start":{"line":45,"column":27},"end":{"line":45,"column":28}},"loc":{"start":{"line":45,"column":33},"end":{"line":47,"column":3}},"line":45},"13":{"name":"(anonymous_13)","decl":{"start":{"line":185,"column":21},"end":{"line":185,"column":22}},"loc":{"start":{"line":185,"column":27},"end":{"line":185,"column":55}},"line":185},"14":{"name":"(anonymous_14)","decl":{"start":{"line":194,"column":21},"end":{"line":194,"column":22}},"loc":{"start":{"line":194,"column":27},"end":{"line":194,"column":46}},"line":194},"15":{"name":"(anonymous_15)","decl":{"start":{"line":203,"column":21},"end":{"line":203,"column":22}},"loc":{"start":{"line":203,"column":27},"end":{"line":203,"column":54}},"line":203},"16":{"name":"(anonymous_16)","decl":{"start":{"line":212,"column":21},"end":{"line":212,"column":22}},"loc":{"start":{"line":212,"column":27},"end":{"line":212,"column":56}},"line":212}},"branchMap":{"0":{"loc":{"start":{"line":25,"column":59},"end":{"line":25,"column":101}},"type":"cond-expr","locations":[{"start":{"line":25,"column":84},"end":{"line":25,"column":97}},{"start":{"line":25,"column":100},"end":{"line":25,"column":101}}],"line":25},"1":{"loc":{"start":{"line":31,"column":6},"end":{"line":31,"column":61}},"type":"cond-expr","locations":[{"start":{"line":31,"column":27},"end":{"line":31,"column":54}},{"start":{"line":31,"column":57},"end":{"line":31,"column":61}}],"line":31},"2":{"loc":{"start":{"line":71,"column":20},"end":{"line":71,"column":115}},"type":"cond-expr","locations":[{"start":{"line":71,"column":50},"end":{"line":71,"column":59}},{"start":{"line":71,"column":62},"end":{"line":71,"column":115}}],"line":71},"3":{"loc":{"start":{"line":71,"column":62},"end":{"line":71,"column":115}},"type":"cond-expr","locations":[{"start":{"line":71,"column":92},"end":{"line":71,"column":103}},{"start":{"line":71,"column":106},"end":{"line":71,"column":115}}],"line":71},"4":{"loc":{"start":{"line":71,"column":119},"end":{"line":71,"column":146}},"type":"binary-expr","locations":[{"start":{"line":71,"column":119},"end":{"line":71,"column":136}},{"start":{"line":71,"column":140},"end":{"line":71,"column":146}}],"line":71},"5":{"loc":{"start":{"line":113,"column":33},"end":{"line":113,"column":88}},"type":"cond-expr","locations":[{"start":{"line":113,"column":67},"end":{"line":113,"column":76}},{"start":{"line":113,"column":79},"end":{"line":113,"column":88}}],"line":113},"6":{"loc":{"start":{"line":118,"column":13},"end":{"line":118,"column":114}},"type":"cond-expr","locations":[{"start":{"line":118,"column":47},"end":{"line":118,"column":66}},{"start":{"line":118,"column":69},"end":{"line":118,"column":114}}],"line":118},"7":{"loc":{"start":{"line":138,"column":13},"end":{"line":138,"column":133}},"type":"cond-expr","locations":[{"start":{"line":138,"column":42},"end":{"line":138,"column":66}},{"start":{"line":138,"column":69},"end":{"line":138,"column":133}}],"line":138},"8":{"loc":{"start":{"line":158,"column":13},"end":{"line":158,"column":120}},"type":"cond-expr","locations":[{"start":{"line":158,"column":36},"end":{"line":158,"column":62}},{"start":{"line":158,"column":65},"end":{"line":158,"column":120}}],"line":158},"9":{"loc":{"start":{"line":167,"column":41},"end":{"line":167,"column":68}},"type":"binary-expr","locations":[{"start":{"line":167,"column":41},"end":{"line":167,"column":60}},{"start":{"line":167,"column":64},"end":{"line":167,"column":68}}],"line":167},"10":{"loc":{"start":{"line":169,"column":13},"end":{"line":169,"column":82}},"type":"cond-expr","locations":[{"start":{"line":169,"column":35},"end":{"line":169,"column":51}},{"start":{"line":169,"column":54},"end":{"line":169,"column":82}}],"line":169},"11":{"loc":{"start":{"line":271,"column":17},"end":{"line":273,"column":41}},"type":"cond-expr","locations":[{"start":{"line":272,"column":21},"end":{"line":272,"column":94}},{"start":{"line":273,"column":20},"end":{"line":273,"column":41}}],"line":271},"12":{"loc":{"start":{"line":271,"column":17},"end":{"line":271,"column":59}},"type":"binary-expr","locations":[{"start":{"line":271,"column":17},"end":{"line":271,"column":36}},{"start":{"line":271,"column":40},"end":{"line":271,"column":59}}],"line":271}},"s":{"0":0,"1":0,"2":0,"3":0,"4":0,"5":0,"6":0,"7":0,"8":0,"9":0,"10":0,"11":0,"12":0,"13":0,"14":0,"15":0,"16":0,"17":0,"18":0,"19":0,"20":0,"21":0,"22":0,"23":0,"24":0,"25":0,"26":0,"27":0,"28":0,"29":0,"30":0,"31":0,"32":0,"33":0,"34":0,"35":0},"f":{"0":0,"1":0,"2":0,"3":0,"4":0,"5":0,"6":0,"7":0,"8":0,"9":0,"10":0,"11":0,"12":0,"13":0,"14":0,"15":0,"16":0},"b":{"0":[0,0],"1":[0,0],"2":[0,0],"3":[0,0],"4":[0,0],"5":[0,0],"6":[0,0],"7":[0,0],"8":[0,0],"9":[0,0],"10":[0,0],"11":[0,0],"12":[0,0]}}
,"C:\\Users\\Lenovo\\IdeaProjects\\nutritrack_application f\\Nutritrack_App\\src\\components\\ExerciseTracker.js": {"path":"C:\\Users\\Lenovo\\IdeaProjects\\nutritrack_application f\\Nutritrack_App\\src\\components\\ExerciseTracker.js","statementMap":{"0":{"start":{"line":5,"column":24},"end":{"line":57,"column":1}},"1":{"start":{"line":6,"column":42},"end":{"line":6,"column":92}},"2":{"start":{"line":8,"column":22},"end":{"line":13,"column":5}},"3":{"start":{"line":9,"column":8},"end":{"line":12,"column":9}},"4":{"start":{"line":10,"column":12},"end":{"line":10,"column":62}},"5":{"start":{"line":11,"column":12},"end":{"line":11,"column":69}},"6":{"start":{"line":15,"column":4},"end":{"line":56,"column":6}},"7":{"start":{"line":26,"column":20},"end":{"line":31,"column":26}},"8":{"start":{"line":28,"column":47},"end":{"line":28,"column":107}},"9":{"start":{"line":39,"column":37},"end":{"line":39,"column":93}},"10":{"start":{"line":45,"column":37},"end":{"line":45,"column":97}},"11":{"start":{"line":51,"column":37},"end":{"line":51,"column":97}}},"fnMap":{"0":{"name":"(anonymous_0)","decl":{"start":{"line":5,"column":24},"end":{"line":5,"column":25}},"loc":{"start":{"line":5,"column":76},"end":{"line":57,"column":1}},"line":5},"1":{"name":"(anonymous_1)","decl":{"start":{"line":8,"column":22},"end":{"line":8,"column":23}},"loc":{"start":{"line":8,"column":28},"end":{"line":13,"column":5}},"line":8},"2":{"name":"(anonymous_2)","decl":{"start":{"line":25,"column":31},"end":{"line":25,"column":32}},"loc":{"start":{"line":26,"column":20},"end":{"line":31,"column":26}},"line":26},"3":{"name":"(anonymous_3)","decl":{"start":{"line":28,"column":41},"end":{"line":28,"column":42}},"loc":{"start":{"line":28,"column":47},"end":{"line":28,"column":107}},"line":28},"4":{"name":"(anonymous_4)","decl":{"start":{"line":39,"column":30},"end":{"line":39,"column":31}},"loc":{"start":{"line":39,"column":37},"end":{"line":39,"column":93}},"line":39},"5":{"name":"(anonymous_5)","decl":{"start":{"line":45,"column":30},"end":{"line":45,"column":31}},"loc":{"start":{"line":45,"column":37},"end":{"line":45,"column":97}},"line":45},"6":{"name":"(anonymous_6)","decl":{"start":{"line":51,"column":30},"end":{"line":51,"column":31}},"loc":{"start":{"line":51,"column":37},"end":{"line":51,"column":97}},"line":51}},"branchMap":{"0":{"loc":{"start":{"line":9,"column":8},"end":{"line":12,"column":9}},"type":"if","locations":[{"start":{"line":9,"column":8},"end":{"line":12,"column":9}},{"start":{},"end":{}}],"line":9},"1":{"loc":{"start":{"line":9,"column":12},"end":{"line":9,"column":52}},"type":"binary-expr","locations":[{"start":{"line":9,"column":12},"end":{"line":9,"column":28}},{"start":{"line":9,"column":32},"end":{"line":9,"column":52}}],"line":9},"2":{"loc":{"start":{"line":29,"column":29},"end":{"line":29,"column":61}},"type":"cond-expr","locations":[{"start":{"line":29,"column":44},"end":{"line":29,"column":47}},{"start":{"line":29,"column":50},"end":{"line":29,"column":61}}],"line":29}},"s":{"0":0,"1":0,"2":0,"3":0,"4":0,"5":0,"6":0,"7":0,"8":0,"9":0,"10":0,"11":0},"f":{"0":0,"1":0,"2":0,"3":0,"4":0,"5":0,"6":0},"b":{"0":[0,0],"1":[0,0],"2":[0,0]}}
,"C:\\Users\\Lenovo\\IdeaProjects\\nutritrack_application f\\Nutritrack_App\\src\\components\\Footer.js": {"path":"C:\\Users\\Lenovo\\IdeaProjects\\nutritrack_application f\\Nutritrack_App\\src\\components\\Footer.js","statementMap":{"0":{"start":{"line":4,"column":15},"end":{"line":55,"column":1}},"1":{"start":{"line":5,"column":19},"end":{"line":5,"column":32}},"2":{"start":{"line":7,"column":26},"end":{"line":14,"column":3}},"3":{"start":{"line":8,"column":4},"end":{"line":8,"column":23}},"4":{"start":{"line":9,"column":4},"end":{"line":13,"column":5}},"5":{"start":{"line":10,"column":6},"end":{"line":10,"column":32}},"6":{"start":{"line":12,"column":6},"end":{"line":12,"column":21}},"7":{"start":{"line":15,"column":2},"end":{"line":54,"column":4}},"8":{"start":{"line":35,"column":46},"end":{"line":35,"column":82}},"9":{"start":{"line":36,"column":55},"end":{"line":36,"column":100}},"10":{"start":{"line":37,"column":54},"end":{"line":37,"column":97}},"11":{"start":{"line":38,"column":53},"end":{"line":38,"column":94}},"12":{"start":{"line":39,"column":55},"end":{"line":39,"column":100}}},"fnMap":{"0":{"name":"(anonymous_0)","decl":{"start":{"line":4,"column":15},"end":{"line":4,"column":16}},"loc":{"start":{"line":4,"column":56},"end":{"line":55,"column":1}},"line":4},"1":{"name":"(anonymous_1)","decl":{"start":{"line":7,"column":26},"end":{"line":7,"column":27}},"loc":{"start":{"line":7,"column":48},"end":{"line":14,"column":3}},"line":7},"2":{"name":"(anonymous_2)","decl":{"start":{"line":35,"column":39},"end":{"line":35,"column":40}},"loc":{"start":{"line":35,"column":46},"end":{"line":35,"column":82}},"line":35},"3":{"name":"(anonymous_3)","decl":{"start":{"line":36,"column":48},"end":{"line":36,"column":49}},"loc":{"start":{"line":36,"column":55},"end":{"line":36,"column":100}},"line":36},"4":{"name":"(anonymous_4)","decl":{"start":{"line":37,"column":47},"end":{"line":37,"column":48}},"loc":{"start":{"line":37,"column":54},"end":{"line":37,"column":97}},"line":37},"5":{"name":"(anonymous_5)","decl":{"start":{"line":38,"column":46},"end":{"line":38,"column":47}},"loc":{"start":{"line":38,"column":53},"end":{"line":38,"column":94}},"line":38},"6":{"name":"(anonymous_6)","decl":{"start":{"line":39,"column":48},"end":{"line":39,"column":49}},"loc":{"start":{"line":39,"column":55},"end":{"line":39,"column":100}},"line":39}},"branchMap":{"0":{"loc":{"start":{"line":9,"column":4},"end":{"line":13,"column":5}},"type":"if","locations":[{"start":{"line":9,"column":4},"end":{"line":13,"column":5}},{"start":{"line":11,"column":11},"end":{"line":13,"column":5}}],"line":9}},"s":{"0":0,"1":0,"2":0,"3":0,"4":0,"5":0,"6":0,"7":0,"8":0,"9":0,"10":0,"11":0,"12":0},"f":{"0":0,"1":0,"2":0,"3":0,"4":0,"5":0,"6":0},"b":{"0":[0,0]}}
,"C:\\Users\\Lenovo\\IdeaProjects\\nutritrack_application f\\Nutritrack_App\\src\\components\\HomePage.js": {"path":"C:\\Users\\Lenovo\\IdeaProjects\\nutritrack_application f\\Nutritrack_App\\src\\components\\HomePage.js","statementMap":{"0":{"start":{"line":6,"column":17},"end":{"line":217,"column":1}},"1":{"start":{"line":7,"column":19},"end":{"line":7,"column":32}},"2":{"start":{"line":9,"column":28},"end":{"line":18,"column":3}},"3":{"start":{"line":20,"column":23},"end":{"line":30,"column":3}},"4":{"start":{"line":32,"column":27},"end":{"line":34,"column":3}},"5":{"start":{"line":33,"column":4},"end":{"line":33,"column":27}},"6":{"start":{"line":36,"column":32},"end":{"line":39,"column":3}},"7":{"start":{"line":37,"column":4},"end":{"line":37,"column":27}},"8":{"start":{"line":41,"column":2},"end":{"line":216,"column":4}}},"fnMap":{"0":{"name":"(anonymous_0)","decl":{"start":{"line":6,"column":17},"end":{"line":6,"column":18}},"loc":{"start":{"line":6,"column":23},"end":{"line":217,"column":1}},"line":6},"1":{"name":"(anonymous_1)","decl":{"start":{"line":32,"column":27},"end":{"line":32,"column":28}},"loc":{"start":{"line":32,"column":33},"end":{"line":34,"column":3}},"line":32},"2":{"name":"(anonymous_2)","decl":{"start":{"line":36,"column":32},"end":{"line":36,"column":33}},"loc":{"start":{"line":36,"column":45},"end":{"line":39,"column":3}},"line":36}},"branchMap":{},"s":{"0":0,"1":0,"2":0,"3":0,"4":0,"5":0,"6":0,"7":0,"8":0},"f":{"0":0,"1":0,"2":0},"b":{}}
,"C:\\Users\\Lenovo\\IdeaProjects\\nutritrack_application f\\Nutritrack_App\\src\\components\\MealKitsPage.js": {"path":"C:\\Users\\Lenovo\\IdeaProjects\\nutritrack_application f\\Nutritrack_App\\src\\components\\MealKitsPage.js","statementMap":{"0":{"start":{"line":5,"column":17},"end":{"line":122,"column":1}},"1":{"start":{"line":7,"column":46},"end":{"line":15,"column":5}},"2":{"start":{"line":16,"column":46},"end":{"line":24,"column":5}},"3":{"start":{"line":25,"column":46},"end":{"line":33,"column":5}},"4":{"start":{"line":36,"column":46},"end":{"line":44,"column":5}},"5":{"start":{"line":45,"column":46},"end":{"line":53,"column":5}},"6":{"start":{"line":54,"column":46},"end":{"line":62,"column":5}},"7":{"start":{"line":65,"column":46},"end":{"line":73,"column":5}},"8":{"start":{"line":74,"column":46},"end":{"line":82,"column":5}},"9":{"start":{"line":83,"column":46},"end":{"line":91,"column":5}},"10":{"start":{"line":94,"column":46},"end":{"line":102,"column":5}},"11":{"start":{"line":103,"column":46},"end":{"line":111,"column":5}},"12":{"start":{"line":112,"column":46},"end":{"line":120,"column":5}},"13":{"start":{"line":124,"column":14},"end":{"line":124,"column":35}},"14":{"start":{"line":126,"column":21},"end":{"line":306,"column":1}},"15":{"start":{"line":127,"column":42},"end":{"line":127,"column":54}},"16":{"start":{"line":128,"column":50},"end":{"line":128,"column":62}},"17":{"start":{"line":129,"column":40},"end":{"line":129,"column":54}},"18":{"start":{"line":131,"column":15},"end":{"line":131,"column":101}},"19":{"start":{"line":133,"column":2},"end":{"line":305,"column":4}},"20":{"start":{"line":135,"column":55},"end":{"line":135,"column":84}},"21":{"start":{"line":140,"column":27},"end":{"line":140,"column":58}},"22":{"start":{"line":145,"column":12},"end":{"line":145,"column":59}},"23":{"start":{"line":150,"column":27},"end":{"line":150,"column":72}},"24":{"start":{"line":163,"column":36},"end":{"line":163,"column":116}},"25":{"start":{"line":163,"column":83},"end":{"line":163,"column":112}},"26":{"start":{"line":164,"column":35},"end":{"line":164,"column":114}},"27":{"start":{"line":164,"column":82},"end":{"line":164,"column":110}},"28":{"start":{"line":165,"column":33},"end":{"line":165,"column":110}},"29":{"start":{"line":165,"column":80},"end":{"line":165,"column":106}},"30":{"start":{"line":166,"column":32},"end":{"line":166,"column":108}},"31":{"start":{"line":166,"column":79},"end":{"line":166,"column":104}},"32":{"start":{"line":168,"column":14},"end":{"line":180,"column":16}},"33":{"start":{"line":169,"column":73},"end":{"line":169,"column":92}},"34":{"start":{"line":187,"column":59},"end":{"line":187,"column":79}},"35":{"start":{"line":193,"column":108},"end":{"line":193,"column":137}},"36":{"start":{"line":197,"column":108},"end":{"line":197,"column":136}},"37":{"start":{"line":201,"column":108},"end":{"line":201,"column":134}},"38":{"start":{"line":205,"column":108},"end":{"line":205,"column":133}},"39":{"start":{"line":223,"column":24},"end":{"line":223,"column":57}},"40":{"start":{"line":245,"column":24},"end":{"line":245,"column":57}},"41":{"start":{"line":267,"column":24},"end":{"line":267,"column":57}},"42":{"start":{"line":289,"column":24},"end":{"line":289,"column":57}},"43":{"start":{"line":308,"column":15},"end":{"line":452,"column":1}}},"fnMap":{"0":{"name":"(anonymous_0)","decl":{"start":{"line":7,"column":35},"end":{"line":7,"column":36}},"loc":{"start":{"line":7,"column":46},"end":{"line":15,"column":5}},"line":7},"1":{"name":"(anonymous_1)","decl":{"start":{"line":16,"column":35},"end":{"line":16,"column":36}},"loc":{"start":{"line":16,"column":46},"end":{"line":24,"column":5}},"line":16},"2":{"name":"(anonymous_2)","decl":{"start":{"line":25,"column":35},"end":{"line":25,"column":36}},"loc":{"start":{"line":25,"column":46},"end":{"line":33,"column":5}},"line":25},"3":{"name":"(anonymous_3)","decl":{"start":{"line":36,"column":35},"end":{"line":36,"column":36}},"loc":{"start":{"line":36,"column":46},"end":{"line":44,"column":5}},"line":36},"4":{"name":"(anonymous_4)","decl":{"start":{"line":45,"column":35},"end":{"line":45,"column":36}},"loc":{"start":{"line":45,"column":46},"end":{"line":53,"column":5}},"line":45},"5":{"name":"(anonymous_5)","decl":{"start":{"line":54,"column":35},"end":{"line":54,"column":36}},"loc":{"start":{"line":54,"column":46},"end":{"line":62,"column":5}},"line":54},"6":{"name":"(anonymous_6)","decl":{"start":{"line":65,"column":35},"end":{"line":65,"column":36}},"loc":{"start":{"line":65,"column":46},"end":{"line":73,"column":5}},"line":65},"7":{"name":"(anonymous_7)","decl":{"start":{"line":74,"column":35},"end":{"line":74,"column":36}},"loc":{"start":{"line":74,"column":46},"end":{"line":82,"column":5}},"line":74},"8":{"name":"(anonymous_8)","decl":{"start":{"line":83,"column":35},"end":{"line":83,"column":36}},"loc":{"start":{"line":83,"column":46},"end":{"line":91,"column":5}},"line":83},"9":{"name":"(anonymous_9)","decl":{"start":{"line":94,"column":35},"end":{"line":94,"column":36}},"loc":{"start":{"line":94,"column":46},"end":{"line":102,"column":5}},"line":94},"10":{"name":"(anonymous_10)","decl":{"start":{"line":103,"column":35},"end":{"line":103,"column":36}},"loc":{"start":{"line":103,"column":46},"end":{"line":111,"column":5}},"line":103},"11":{"name":"(anonymous_11)","decl":{"start":{"line":112,"column":35},"end":{"line":112,"column":36}},"loc":{"start":{"line":112,"column":46},"end":{"line":120,"column":5}},"line":112},"12":{"name":"(anonymous_12)","decl":{"start":{"line":126,"column":21},"end":{"line":126,"column":22}},"loc":{"start":{"line":126,"column":47},"end":{"line":306,"column":1}},"line":126},"13":{"name":"(anonymous_13)","decl":{"start":{"line":135,"column":49},"end":{"line":135,"column":50}},"loc":{"start":{"line":135,"column":55},"end":{"line":135,"column":84}},"line":135},"14":{"name":"(anonymous_14)","decl":{"start":{"line":140,"column":20},"end":{"line":140,"column":21}},"loc":{"start":{"line":140,"column":27},"end":{"line":140,"column":58}},"line":140},"15":{"name":"(anonymous_15)","decl":{"start":{"line":144,"column":21},"end":{"line":144,"column":22}},"loc":{"start":{"line":145,"column":12},"end":{"line":145,"column":59}},"line":145},"16":{"name":"(anonymous_16)","decl":{"start":{"line":150,"column":20},"end":{"line":150,"column":21}},"loc":{"start":{"line":150,"column":27},"end":{"line":150,"column":72}},"line":150},"17":{"name":"(anonymous_17)","decl":{"start":{"line":162,"column":22},"end":{"line":162,"column":23}},"loc":{"start":{"line":162,"column":29},"end":{"line":181,"column":13}},"line":162},"18":{"name":"(anonymous_18)","decl":{"start":{"line":163,"column":68},"end":{"line":163,"column":69}},"loc":{"start":{"line":163,"column":83},"end":{"line":163,"column":112}},"line":163},"19":{"name":"(anonymous_19)","decl":{"start":{"line":164,"column":67},"end":{"line":164,"column":68}},"loc":{"start":{"line":164,"column":82},"end":{"line":164,"column":110}},"line":164},"20":{"name":"(anonymous_20)","decl":{"start":{"line":165,"column":65},"end":{"line":165,"column":66}},"loc":{"start":{"line":165,"column":80},"end":{"line":165,"column":106}},"line":165},"21":{"name":"(anonymous_21)","decl":{"start":{"line":166,"column":64},"end":{"line":166,"column":65}},"loc":{"start":{"line":166,"column":79},"end":{"line":166,"column":104}},"line":166},"22":{"name":"(anonymous_22)","decl":{"start":{"line":169,"column":67},"end":{"line":169,"column":68}},"loc":{"start":{"line":169,"column":73},"end":{"line":169,"column":92}},"line":169},"23":{"name":"(anonymous_23)","decl":{"start":{"line":187,"column":53},"end":{"line":187,"column":54}},"loc":{"start":{"line":187,"column":59},"end":{"line":187,"column":79}},"line":187},"24":{"name":"(anonymous_24)","decl":{"start":{"line":193,"column":93},"end":{"line":193,"column":94}},"loc":{"start":{"line":193,"column":108},"end":{"line":193,"column":137}},"line":193},"25":{"name":"(anonymous_25)","decl":{"start":{"line":197,"column":93},"end":{"line":197,"column":94}},"loc":{"start":{"line":197,"column":108},"end":{"line":197,"column":136}},"line":197},"26":{"name":"(anonymous_26)","decl":{"start":{"line":201,"column":93},"end":{"line":201,"column":94}},"loc":{"start":{"line":201,"column":108},"end":{"line":201,"column":134}},"line":201},"27":{"name":"(anonymous_27)","decl":{"start":{"line":205,"column":93},"end":{"line":205,"column":94}},"loc":{"start":{"line":205,"column":108},"end":{"line":205,"column":133}},"line":205},"28":{"name":"(anonymous_28)","decl":{"start":{"line":222,"column":74},"end":{"line":222,"column":75}},"loc":{"start":{"line":223,"column":24},"end":{"line":223,"column":57}},"line":223},"29":{"name":"(anonymous_29)","decl":{"start":{"line":244,"column":70},"end":{"line":244,"column":71}},"loc":{"start":{"line":245,"column":24},"end":{"line":245,"column":57}},"line":245},"30":{"name":"(anonymous_30)","decl":{"start":{"line":266,"column":71},"end":{"line":266,"column":72}},"loc":{"start":{"line":267,"column":24},"end":{"line":267,"column":57}},"line":267},"31":{"name":"(anonymous_31)","decl":{"start":{"line":288,"column":70},"end":{"line":288,"column":71}},"loc":{"start":{"line":289,"column":24},"end":{"line":289,"column":57}},"line":289}},"branchMap":{"0":{"loc":{"start":{"line":131,"column":15},"end":{"line":131,"column":101}},"type":"cond-expr","locations":[{"start":{"line":131,"column":56},"end":{"line":131,"column":96}},{"start":{"line":131,"column":99},"end":{"line":131,"column":101}}],"line":131},"1":{"loc":{"start":{"line":131,"column":15},"end":{"line":131,"column":53}},"type":"binary-expr","locations":[{"start":{"line":131,"column":15},"end":{"line":131,"column":27}},{"start":{"line":131,"column":31},"end":{"line":131,"column":53}}],"line":131},"2":{"loc":{"start":{"line":158,"column":7},"end":{"line":184,"column":7}},"type":"binary-expr","locations":[{"start":{"line":158,"column":7},"end":{"line":158,"column":19}},{"start":{"line":159,"column":8},"end":{"line":183,"column":14}}],"line":158},"3":{"loc":{"start":{"line":185,"column":7},"end":{"line":301,"column":7}},"type":"binary-expr","locations":[{"start":{"line":185,"column":7},"end":{"line":185,"column":18}},{"start":{"line":186,"column":8},"end":{"line":300,"column":14}}],"line":185},"4":{"loc":{"start":{"line":216,"column":15},"end":{"line":231,"column":15}},"type":"binary-expr","locations":[{"start":{"line":216,"column":15},"end":{"line":216,"column":49}},{"start":{"line":217,"column":16},"end":{"line":230,"column":22}}],"line":216},"5":{"loc":{"start":{"line":238,"column":15},"end":{"line":253,"column":15}},"type":"binary-expr","locations":[{"start":{"line":238,"column":15},"end":{"line":238,"column":45}},{"start":{"line":239,"column":16},"end":{"line":252,"column":22}}],"line":238},"6":{"loc":{"start":{"line":260,"column":15},"end":{"line":275,"column":15}},"type":"binary-expr","locations":[{"start":{"line":260,"column":15},"end":{"line":260,"column":46}},{"start":{"line":261,"column":16},"end":{"line":274,"column":22}}],"line":260},"7":{"loc":{"start":{"line":282,"column":15},"end":{"line":297,"column":15}},"type":"binary-expr","locations":[{"start":{"line":282,"column":15},"end":{"line":282,"column":45}},{"start":{"line":283,"column":16},"end":{"line":296,"column":22}}],"line":282}},"s":{"0":0,"1":0,"2":0,"3":0,"4":0,"5":0,"6":0,"7":0,"8":0,"9":0,"10":0,"11":0,"12":0,"13":0,"14":0,"15":0,"16":0,"17":0,"18":0,"19":0,"20":0,"21":0,"22":0,"23":0,"24":0,"25":0,"26":0,"27":0,"28":0,"29":0,"30":0,"31":0,"32":0,"33":0,"34":0,"35":0,"36":0,"37":0,"38":0,"39":0,"40":0,"41":0,"42":0,"43":0},"f":{"0":0,"1":0,"2":0,"3":0,"4":0,"5":0,"6":0,"7":0,"8":0,"9":0,"10":0,"11":0,"12":0,"13":0,"14":0,"15":0,"16":0,"17":0,"18":0,"19":0,"20":0,"21":0,"22":0,"23":0,"24":0,"25":0,"26":0,"27":0,"28":0,"29":0,"30":0,"31":0},"b":{"0":[0,0],"1":[0,0],"2":[0,0],"3":[0,0],"4":[0,0],"5":[0,0],"6":[0,0],"7":[0,0]}}
,"C:\\Users\\Lenovo\\IdeaProjects\\nutritrack_application f\\Nutritrack_App\\src\\components\\MealPlansPage.js": {"path":"C:\\Users\\Lenovo\\IdeaProjects\\nutritrack_application f\\Nutritrack_App\\src\\components\\MealPlansPage.js","statementMap":{"0":{"start":{"line":5,"column":19},"end":{"line":19,"column":1}},"1":{"start":{"line":21,"column":22},"end":{"line":21,"column":54}},"2":{"start":{"line":24,"column":18},"end":{"line":24,"column":20}},"3":{"start":{"line":26,"column":22},"end":{"line":93,"column":1}},"4":{"start":{"line":27,"column":52},"end":{"line":27,"column":64}},"5":{"start":{"line":28,"column":50},"end":{"line":28,"column":62}},"6":{"start":{"line":29,"column":40},"end":{"line":29,"column":54}},"7":{"start":{"line":31,"column":15},"end":{"line":31,"column":118}},"8":{"start":{"line":33,"column":2},"end":{"line":92,"column":4}},"9":{"start":{"line":35,"column":55},"end":{"line":35,"column":84}},"10":{"start":{"line":40,"column":27},"end":{"line":40,"column":63}},"11":{"start":{"line":45,"column":12},"end":{"line":45,"column":74}},"12":{"start":{"line":50,"column":27},"end":{"line":50,"column":72}},"13":{"start":{"line":66,"column":14},"end":{"line":72,"column":20}},"14":{"start":{"line":66,"column":71},"end":{"line":66,"column":90}},"15":{"start":{"line":79,"column":59},"end":{"line":79,"column":79}},"16":{"start":{"line":95,"column":15},"end":{"line":185,"column":1}}},"fnMap":{"0":{"name":"(anonymous_0)","decl":{"start":{"line":26,"column":22},"end":{"line":26,"column":23}},"loc":{"start":{"line":26,"column":48},"end":{"line":93,"column":1}},"line":26},"1":{"name":"(anonymous_1)","decl":{"start":{"line":35,"column":49},"end":{"line":35,"column":50}},"loc":{"start":{"line":35,"column":55},"end":{"line":35,"column":84}},"line":35},"2":{"name":"(anonymous_2)","decl":{"start":{"line":40,"column":20},"end":{"line":40,"column":21}},"loc":{"start":{"line":40,"column":27},"end":{"line":40,"column":63}},"line":40},"3":{"name":"(anonymous_3)","decl":{"start":{"line":44,"column":29},"end":{"line":44,"column":30}},"loc":{"start":{"line":45,"column":12},"end":{"line":45,"column":74}},"line":45},"4":{"name":"(anonymous_4)","decl":{"start":{"line":50,"column":20},"end":{"line":50,"column":21}},"loc":{"start":{"line":50,"column":27},"end":{"line":50,"column":72}},"line":50},"5":{"name":"(anonymous_5)","decl":{"start":{"line":65,"column":22},"end":{"line":65,"column":23}},"loc":{"start":{"line":66,"column":14},"end":{"line":72,"column":20}},"line":66},"6":{"name":"(anonymous_6)","decl":{"start":{"line":66,"column":65},"end":{"line":66,"column":66}},"loc":{"start":{"line":66,"column":71},"end":{"line":66,"column":90}},"line":66},"7":{"name":"(anonymous_7)","decl":{"start":{"line":79,"column":53},"end":{"line":79,"column":54}},"loc":{"start":{"line":79,"column":59},"end":{"line":79,"column":79}},"line":79}},"branchMap":{"0":{"loc":{"start":{"line":31,"column":15},"end":{"line":31,"column":118}},"type":"cond-expr","locations":[{"start":{"line":31,"column":67},"end":{"line":31,"column":113}},{"start":{"line":31,"column":116},"end":{"line":31,"column":118}}],"line":31},"1":{"loc":{"start":{"line":31,"column":15},"end":{"line":31,"column":64}},"type":"binary-expr","locations":[{"start":{"line":31,"column":15},"end":{"line":31,"column":32}},{"start":{"line":31,"column":36},"end":{"line":31,"column":64}}],"line":31},"2":{"loc":{"start":{"line":58,"column":7},"end":{"line":60,"column":7}},"type":"binary-expr","locations":[{"start":{"line":58,"column":7},"end":{"line":58,"column":24}},{"start":{"line":58,"column":28},"end":{"line":58,"column":45}},{"start":{"line":59,"column":8},"end":{"line":59,"column":102}}],"line":58},"3":{"loc":{"start":{"line":61,"column":7},"end":{"line":76,"column":7}},"type":"binary-expr","locations":[{"start":{"line":61,"column":7},"end":{"line":61,"column":24}},{"start":{"line":61,"column":28},"end":{"line":61,"column":43}},{"start":{"line":62,"column":8},"end":{"line":75,"column":14}}],"line":61},"4":{"loc":{"start":{"line":77,"column":7},"end":{"line":88,"column":7}},"type":"binary-expr","locations":[{"start":{"line":77,"column":7},"end":{"line":77,"column":18}},{"start":{"line":78,"column":8},"end":{"line":87,"column":14}}],"line":77}},"s":{"0":0,"1":0,"2":0,"3":0,"4":0,"5":0,"6":0,"7":0,"8":0,"9":0,"10":0,"11":0,"12":0,"13":0,"14":0,"15":0,"16":0},"f":{"0":0,"1":0,"2":0,"3":0,"4":0,"5":0,"6":0,"7":0},"b":{"0":[0,0],"1":[0,0],"2":[0,0,0],"3":[0,0,0],"4":[0,0]}}
,"C:\\Users\\Lenovo\\IdeaProjects\\nutritrack_application f\\Nutritrack_App\\src\\components\\MealTracker.js": {"path":"C:\\Users\\Lenovo\\IdeaProjects\\nutritrack_application f\\Nutritrack_App\\src\\components\\MealTracker.js","statementMap":{"0":{"start":{"line":4,"column":20},"end":{"line":57,"column":1}},"1":{"start":{"line":5,"column":24},"end":{"line":10,"column":5}},"2":{"start":{"line":6,"column":52},"end":{"line":6,"column":78}},"3":{"start":{"line":7,"column":49},"end":{"line":7,"column":73}},"4":{"start":{"line":8,"column":50},"end":{"line":8,"column":74}},"5":{"start":{"line":9,"column":50},"end":{"line":9,"column":75}},"6":{"start":{"line":12,"column":4},"end":{"line":56,"column":6}},"7":{"start":{"line":20,"column":33},"end":{"line":20,"column":43}},"8":{"start":{"line":21,"column":20},"end":{"line":21,"column":43}},"9":{"start":{"line":21,"column":31},"end":{"line":21,"column":43}},"10":{"start":{"line":23,"column":35},"end":{"line":23,"column":57}},"11":{"start":{"line":24,"column":38},"end":{"line":24,"column":63}},"12":{"start":{"line":26,"column":20},"end":{"line":52,"column":22}},"13":{"start":{"line":38,"column":51},"end":{"line":38,"column":79}},"14":{"start":{"line":45,"column":51},"end":{"line":45,"column":76}},"15":{"start":{"line":59,"column":15},"end":{"line":178,"column":1}}},"fnMap":{"0":{"name":"(anonymous_0)","decl":{"start":{"line":4,"column":20},"end":{"line":4,"column":21}},"loc":{"start":{"line":4,"column":54},"end":{"line":57,"column":1}},"line":4},"1":{"name":"(anonymous_1)","decl":{"start":{"line":6,"column":47},"end":{"line":6,"column":48}},"loc":{"start":{"line":6,"column":52},"end":{"line":6,"column":78}},"line":6},"2":{"name":"(anonymous_2)","decl":{"start":{"line":7,"column":44},"end":{"line":7,"column":45}},"loc":{"start":{"line":7,"column":49},"end":{"line":7,"column":73}},"line":7},"3":{"name":"(anonymous_3)","decl":{"start":{"line":8,"column":45},"end":{"line":8,"column":46}},"loc":{"start":{"line":8,"column":50},"end":{"line":8,"column":74}},"line":8},"4":{"name":"(anonymous_4)","decl":{"start":{"line":9,"column":45},"end":{"line":9,"column":46}},"loc":{"start":{"line":9,"column":50},"end":{"line":9,"column":75}},"line":9},"5":{"name":"(anonymous_5)","decl":{"start":{"line":19,"column":33},"end":{"line":19,"column":34}},"loc":{"start":{"line":19,"column":42},"end":{"line":53,"column":17}},"line":19},"6":{"name":"(anonymous_6)","decl":{"start":{"line":38,"column":45},"end":{"line":38,"column":46}},"loc":{"start":{"line":38,"column":51},"end":{"line":38,"column":79}},"line":38},"7":{"name":"(anonymous_7)","decl":{"start":{"line":45,"column":45},"end":{"line":45,"column":46}},"loc":{"start":{"line":45,"column":51},"end":{"line":45,"column":76}},"line":45}},"branchMap":{"0":{"loc":{"start":{"line":21,"column":20},"end":{"line":21,"column":43}},"type":"if","locations":[{"start":{"line":21,"column":20},"end":{"line":21,"column":43}},{"start":{},"end":{}}],"line":21},"1":{"loc":{"start":{"line":37,"column":43},"end":{"line":37,"column":100}},"type":"cond-expr","locations":[{"start":{"line":37,"column":55},"end":{"line":37,"column":80}},{"start":{"line":37,"column":83},"end":{"line":37,"column":100}}],"line":37},"2":{"loc":{"start":{"line":41,"column":37},"end":{"line":41,"column":67}},"type":"cond-expr","locations":[{"start":{"line":41,"column":49},"end":{"line":41,"column":58}},{"start":{"line":41,"column":61},"end":{"line":41,"column":67}}],"line":41},"3":{"loc":{"start":{"line":44,"column":43},"end":{"line":44,"column":93}},"type":"cond-expr","locations":[{"start":{"line":44,"column":52},"end":{"line":44,"column":73}},{"start":{"line":44,"column":76},"end":{"line":44,"column":93}}],"line":44},"4":{"loc":{"start":{"line":48,"column":37},"end":{"line":48,"column":63}},"type":"cond-expr","locations":[{"start":{"line":48,"column":46},"end":{"line":48,"column":54}},{"start":{"line":48,"column":57},"end":{"line":48,"column":63}}],"line":48}},"s":{"0":0,"1":0,"2":0,"3":0,"4":0,"5":0,"6":0,"7":0,"8":0,"9":0,"10":0,"11":0,"12":0,"13":0,"14":0,"15":0},"f":{"0":0,"1":0,"2":0,"3":0,"4":0,"5":0,"6":0,"7":0},"b":{"0":[0,0],"1":[0,0],"2":[0,0],"3":[0,0],"4":[0,0]}}
,"C:\\Users\\Lenovo\\IdeaProjects\\nutritrack_application f\\Nutritrack_App\\src\\components\\MoodTracker.js": {"path":"C:\\Users\\Lenovo\\IdeaProjects\\nutritrack_application f\\Nutritrack_App\\src\\components\\MoodTracker.js","statementMap":{"0":{"start":{"line":5,"column":20},"end":{"line":40,"column":1}},"1":{"start":{"line":6,"column":18},"end":{"line":10,"column":5}},"2":{"start":{"line":12,"column":4},"end":{"line":39,"column":6}},"3":{"start":{"line":23,"column":20},"end":{"line":29,"column":29}},"4":{"start":{"line":26,"column":39},"end":{"line":26,"column":60}},"5":{"start":{"line":35,"column":33},"end":{"line":35,"column":62}}},"fnMap":{"0":{"name":"(anonymous_0)","decl":{"start":{"line":5,"column":20},"end":{"line":5,"column":21}},"loc":{"start":{"line":5,"column":70},"end":{"line":40,"column":1}},"line":5},"1":{"name":"(anonymous_1)","decl":{"start":{"line":22,"column":27},"end":{"line":22,"column":28}},"loc":{"start":{"line":23,"column":20},"end":{"line":29,"column":29}},"line":23},"2":{"name":"(anonymous_2)","decl":{"start":{"line":26,"column":33},"end":{"line":26,"column":34}},"loc":{"start":{"line":26,"column":39},"end":{"line":26,"column":60}},"line":26},"3":{"name":"(anonymous_3)","decl":{"start":{"line":35,"column":26},"end":{"line":35,"column":27}},"loc":{"start":{"line":35,"column":33},"end":{"line":35,"column":62}},"line":35}},"branchMap":{"0":{"loc":{"start":{"line":25,"column":50},"end":{"line":25,"column":84}},"type":"cond-expr","locations":[{"start":{"line":25,"column":69},"end":{"line":25,"column":79}},{"start":{"line":25,"column":82},"end":{"line":25,"column":84}}],"line":25}},"s":{"0":0,"1":0,"2":0,"3":0,"4":0,"5":0},"f":{"0":0,"1":0,"2":0,"3":0},"b":{"0":[0,0]}}
,"C:\\Users\\Lenovo\\IdeaProjects\\nutritrack_application f\\Nutritrack_App\\src\\components\\NotificationManager.js": {"path":"C:\\Users\\Lenovo\\IdeaProjects\\nutritrack_application f\\Nutritrack_App\\src\\components\\NotificationManager.js","statementMap":{"0":{"start":{"line":4,"column":28},"end":{"line":39,"column":1}},"1":{"start":{"line":5,"column":4},"end":{"line":9,"column":30}},"2":{"start":{"line":6,"column":8},"end":{"line":8,"column":9}},"3":{"start":{"line":7,"column":12},"end":{"line":7,"column":34}},"4":{"start":{"line":11,"column":29},"end":{"line":15,"column":5}},"5":{"start":{"line":12,"column":8},"end":{"line":14,"column":9}},"6":{"start":{"line":13,"column":12},"end":{"line":13,"column":46}},"7":{"start":{"line":17,"column":30},"end":{"line":22,"column":5}},"8":{"start":{"line":19,"column":8},"end":{"line":21,"column":17}},"9":{"start":{"line":20,"column":12},"end":{"line":20,"column":56}},"10":{"start":{"line":24,"column":4},"end":{"line":38,"column":6}},"11":{"start":{"line":31,"column":20},"end":{"line":34,"column":26}},"12":{"start":{"line":33,"column":47},"end":{"line":33,"column":67}}},"fnMap":{"0":{"name":"(anonymous_0)","decl":{"start":{"line":4,"column":28},"end":{"line":4,"column":29}},"loc":{"start":{"line":4,"column":68},"end":{"line":39,"column":1}},"line":4},"1":{"name":"(anonymous_1)","decl":{"start":{"line":5,"column":14},"end":{"line":5,"column":15}},"loc":{"start":{"line":5,"column":20},"end":{"line":9,"column":5}},"line":5},"2":{"name":"(anonymous_2)","decl":{"start":{"line":11,"column":29},"end":{"line":11,"column":30}},"loc":{"start":{"line":11,"column":46},"end":{"line":15,"column":5}},"line":11},"3":{"name":"(anonymous_3)","decl":{"start":{"line":17,"column":30},"end":{"line":17,"column":31}},"loc":{"start":{"line":17,"column":44},"end":{"line":22,"column":5}},"line":17},"4":{"name":"(anonymous_4)","decl":{"start":{"line":19,"column":19},"end":{"line":19,"column":20}},"loc":{"start":{"line":19,"column":25},"end":{"line":21,"column":9}},"line":19},"5":{"name":"(anonymous_5)","decl":{"start":{"line":30,"column":31},"end":{"line":30,"column":32}},"loc":{"start":{"line":31,"column":20},"end":{"line":34,"column":26}},"line":31},"6":{"name":"(anonymous_6)","decl":{"start":{"line":33,"column":41},"end":{"line":33,"column":42}},"loc":{"start":{"line":33,"column":47},"end":{"line":33,"column":67}},"line":33}},"branchMap":{"0":{"loc":{"start":{"line":6,"column":8},"end":{"line":8,"column":9}},"type":"if","locations":[{"start":{"line":6,"column":8},"end":{"line":8,"column":9}},{"start":{},"end":{}}],"line":6},"1":{"loc":{"start":{"line":6,"column":12},"end":{"line":6,"column":77}},"type":"binary-expr","locations":[{"start":{"line":6,"column":12},"end":{"line":6,"column":36}},{"start":{"line":6,"column":40},"end":{"line":6,"column":77}}],"line":6},"2":{"loc":{"start":{"line":12,"column":8},"end":{"line":14,"column":9}},"type":"if","locations":[{"start":{"line":12,"column":8},"end":{"line":14,"column":9}},{"start":{},"end":{}}],"line":12}},"s":{"0":0,"1":0,"2":0,"3":0,"4":0,"5":0,"6":0,"7":0,"8":0,"9":0,"10":0,"11":0,"12":0},"f":{"0":0,"1":0,"2":0,"3":0,"4":0,"5":0,"6":0},"b":{"0":[0,0],"1":[0,0],"2":[0,0]}}
,"C:\\Users\\Lenovo\\IdeaProjects\\nutritrack_application f\\Nutritrack_App\\src\\components\\PaymentModal.js": {"path":"C:\\Users\\Lenovo\\IdeaProjects\\nutritrack_application f\\Nutritrack_App\\src\\components\\PaymentModal.js","statementMap":{"0":{"start":{"line":5,"column":21},"end":{"line":289,"column":1}},"1":{"start":{"line":6,"column":46},"end":{"line":6,"column":58}},"2":{"start":{"line":7,"column":42},"end":{"line":7,"column":57}},"3":{"start":{"line":8,"column":44},"end":{"line":8,"column":58}},"4":{"start":{"line":9,"column":30},"end":{"line":9,"column":45}},"5":{"start":{"line":10,"column":40},"end":{"line":14,"column":4}},"6":{"start":{"line":15,"column":28},"end":{"line":15,"column":40}},"7":{"start":{"line":16,"column":40},"end":{"line":21,"column":4}},"8":{"start":{"line":23,"column":24},"end":{"line":27,"column":3}},"9":{"start":{"line":24,"column":19},"end":{"line":24,"column":67}},"10":{"start":{"line":25,"column":22},"end":{"line":25,"column":105}},"11":{"start":{"line":26,"column":4},"end":{"line":26,"column":21}},"12":{"start":{"line":29,"column":24},"end":{"line":72,"column":3}},"13":{"start":{"line":30,"column":4},"end":{"line":33,"column":5}},"14":{"start":{"line":31,"column":6},"end":{"line":31,"column":47}},"15":{"start":{"line":32,"column":6},"end":{"line":32,"column":13}},"16":{"start":{"line":34,"column":4},"end":{"line":37,"column":5}},"17":{"start":{"line":35,"column":6},"end":{"line":35,"column":46}},"18":{"start":{"line":36,"column":6},"end":{"line":36,"column":13}},"19":{"start":{"line":40,"column":4},"end":{"line":43,"column":5}},"20":{"start":{"line":41,"column":6},"end":{"line":41,"column":40}},"21":{"start":{"line":42,"column":6},"end":{"line":42,"column":13}},"22":{"start":{"line":46,"column":4},"end":{"line":51,"column":5}},"23":{"start":{"line":47,"column":6},"end":{"line":50,"column":7}},"24":{"start":{"line":48,"column":8},"end":{"line":48,"column":56}},"25":{"start":{"line":49,"column":8},"end":{"line":49,"column":15}},"26":{"start":{"line":54,"column":4},"end":{"line":57,"column":5}},"27":{"start":{"line":55,"column":6},"end":{"line":55,"column":22}},"28":{"start":{"line":56,"column":6},"end":{"line":56,"column":13}},"29":{"start":{"line":59,"column":4},"end":{"line":59,"column":26}},"30":{"start":{"line":60,"column":4},"end":{"line":60,"column":27}},"31":{"start":{"line":63,"column":4},"end":{"line":71,"column":13}},"32":{"start":{"line":64,"column":21},"end":{"line":64,"column":34}},"33":{"start":{"line":66,"column":6},"end":{"line":68,"column":29}},"34":{"start":{"line":66,"column":24},"end":{"line":66,"column":43}},"35":{"start":{"line":67,"column":11},"end":{"line":68,"column":29}},"36":{"start":{"line":67,"column":30},"end":{"line":67,"column":51}},"37":{"start":{"line":68,"column":11},"end":{"line":68,"column":29}},"38":{"start":{"line":69,"column":6},"end":{"line":69,"column":31}},"39":{"start":{"line":70,"column":6},"end":{"line":70,"column":29}},"40":{"start":{"line":74,"column":21},"end":{"line":79,"column":3}},"41":{"start":{"line":75,"column":4},"end":{"line":75,"column":26}},"42":{"start":{"line":76,"column":4},"end":{"line":76,"column":27}},"43":{"start":{"line":77,"column":4},"end":{"line":77,"column":27}},"44":{"start":{"line":78,"column":4},"end":{"line":78,"column":14}},"45":{"start":{"line":81,"column":2},"end":{"line":81,"column":27}},"46":{"start":{"line":81,"column":15},"end":{"line":81,"column":27}},"47":{"start":{"line":83,"column":2},"end":{"line":288,"column":4}},"48":{"start":{"line":103,"column":35},"end":{"line":103,"column":89}},"49":{"start":{"line":111,"column":35},"end":{"line":111,"column":90}},"50":{"start":{"line":119,"column":35},"end":{"line":119,"column":90}},"51":{"start":{"line":134,"column":37},"end":{"line":134,"column":70}},"52":{"start":{"line":144,"column":39},"end":{"line":144,"column":63}},"53":{"start":{"line":155,"column":37},"end":{"line":155,"column":70}},"54":{"start":{"line":165,"column":39},"end":{"line":165,"column":63}},"55":{"start":{"line":176,"column":37},"end":{"line":176,"column":70}},"56":{"start":{"line":186,"column":39},"end":{"line":186,"column":95}},"57":{"start":{"line":195,"column":41},"end":{"line":195,"column":97}},"58":{"start":{"line":203,"column":41},"end":{"line":203,"column":94}},"59":{"start":{"line":212,"column":39},"end":{"line":212,"column":93}},"60":{"start":{"line":245,"column":65},"end":{"line":245,"column":81}},"61":{"start":{"line":251,"column":18},"end":{"line":251,"column":46}},"62":{"start":{"line":252,"column":18},"end":{"line":252,"column":35}},"63":{"start":{"line":273,"column":62},"end":{"line":273,"column":84}},"64":{"start":{"line":282,"column":62},"end":{"line":282,"column":84}},"65":{"start":{"line":291,"column":15},"end":{"line":412,"column":1}}},"fnMap":{"0":{"name":"(anonymous_0)","decl":{"start":{"line":5,"column":21},"end":{"line":5,"column":22}},"loc":{"start":{"line":5,"column":67},"end":{"line":289,"column":1}},"line":5},"1":{"name":"(anonymous_1)","decl":{"start":{"line":23,"column":24},"end":{"line":23,"column":25}},"loc":{"start":{"line":23,"column":30},"end":{"line":27,"column":3}},"line":23},"2":{"name":"(anonymous_2)","decl":{"start":{"line":29,"column":24},"end":{"line":29,"column":25}},"loc":{"start":{"line":29,"column":30},"end":{"line":72,"column":3}},"line":29},"3":{"name":"(anonymous_3)","decl":{"start":{"line":63,"column":15},"end":{"line":63,"column":16}},"loc":{"start":{"line":63,"column":21},"end":{"line":71,"column":5}},"line":63},"4":{"name":"(anonymous_4)","decl":{"start":{"line":74,"column":21},"end":{"line":74,"column":22}},"loc":{"start":{"line":74,"column":27},"end":{"line":79,"column":3}},"line":74},"5":{"name":"(anonymous_5)","decl":{"start":{"line":103,"column":28},"end":{"line":103,"column":29}},"loc":{"start":{"line":103,"column":35},"end":{"line":103,"column":89}},"line":103},"6":{"name":"(anonymous_6)","decl":{"start":{"line":111,"column":28},"end":{"line":111,"column":29}},"loc":{"start":{"line":111,"column":35},"end":{"line":111,"column":90}},"line":111},"7":{"name":"(anonymous_7)","decl":{"start":{"line":119,"column":28},"end":{"line":119,"column":29}},"loc":{"start":{"line":119,"column":35},"end":{"line":119,"column":90}},"line":119},"8":{"name":"(anonymous_8)","decl":{"start":{"line":134,"column":30},"end":{"line":134,"column":31}},"loc":{"start":{"line":134,"column":37},"end":{"line":134,"column":70}},"line":134},"9":{"name":"(anonymous_9)","decl":{"start":{"line":144,"column":32},"end":{"line":144,"column":33}},"loc":{"start":{"line":144,"column":39},"end":{"line":144,"column":63}},"line":144},"10":{"name":"(anonymous_10)","decl":{"start":{"line":155,"column":30},"end":{"line":155,"column":31}},"loc":{"start":{"line":155,"column":37},"end":{"line":155,"column":70}},"line":155},"11":{"name":"(anonymous_11)","decl":{"start":{"line":165,"column":32},"end":{"line":165,"column":33}},"loc":{"start":{"line":165,"column":39},"end":{"line":165,"column":63}},"line":165},"12":{"name":"(anonymous_12)","decl":{"start":{"line":176,"column":30},"end":{"line":176,"column":31}},"loc":{"start":{"line":176,"column":37},"end":{"line":176,"column":70}},"line":176},"13":{"name":"(anonymous_13)","decl":{"start":{"line":186,"column":32},"end":{"line":186,"column":33}},"loc":{"start":{"line":186,"column":39},"end":{"line":186,"column":95}},"line":186},"14":{"name":"(anonymous_14)","decl":{"start":{"line":195,"column":34},"end":{"line":195,"column":35}},"loc":{"start":{"line":195,"column":41},"end":{"line":195,"column":97}},"line":195},"15":{"name":"(anonymous_15)","decl":{"start":{"line":203,"column":34},"end":{"line":203,"column":35}},"loc":{"start":{"line":203,"column":41},"end":{"line":203,"column":94}},"line":203},"16":{"name":"(anonymous_16)","decl":{"start":{"line":212,"column":32},"end":{"line":212,"column":33}},"loc":{"start":{"line":212,"column":39},"end":{"line":212,"column":93}},"line":212},"17":{"name":"(anonymous_17)","decl":{"start":{"line":245,"column":59},"end":{"line":245,"column":60}},"loc":{"start":{"line":245,"column":65},"end":{"line":245,"column":81}},"line":245},"18":{"name":"(anonymous_18)","decl":{"start":{"line":250,"column":25},"end":{"line":250,"column":26}},"loc":{"start":{"line":250,"column":31},"end":{"line":253,"column":17}},"line":250},"19":{"name":"(anonymous_19)","decl":{"start":{"line":273,"column":56},"end":{"line":273,"column":57}},"loc":{"start":{"line":273,"column":62},"end":{"line":273,"column":84}},"line":273},"20":{"name":"(anonymous_20)","decl":{"start":{"line":282,"column":56},"end":{"line":282,"column":57}},"loc":{"start":{"line":282,"column":62},"end":{"line":282,"column":84}},"line":282}},"branchMap":{"0":{"loc":{"start":{"line":30,"column":4},"end":{"line":33,"column":5}},"type":"if","locations":[{"start":{"line":30,"column":4},"end":{"line":33,"column":5}},{"start":{},"end":{}}],"line":30},"1":{"loc":{"start":{"line":30,"column":8},"end":{"line":30,"column":69}},"type":"binary-expr","locations":[{"start":{"line":30,"column":8},"end":{"line":30,"column":25}},{"start":{"line":30,"column":29},"end":{"line":30,"column":47}},{"start":{"line":30,"column":51},"end":{"line":30,"column":69}}],"line":30},"2":{"loc":{"start":{"line":34,"column":4},"end":{"line":37,"column":5}},"type":"if","locations":[{"start":{"line":34,"column":4},"end":{"line":37,"column":5}},{"start":{},"end":{}}],"line":34},"3":{"loc":{"start":{"line":40,"column":4},"end":{"line":43,"column":5}},"type":"if","locations":[{"start":{"line":40,"column":4},"end":{"line":43,"column":5}},{"start":{},"end":{}}],"line":40},"4":{"loc":{"start":{"line":40,"column":8},"end":{"line":40,"column":90}},"type":"binary-expr","locations":[{"start":{"line":40,"column":9},"end":{"line":40,"column":38}},{"start":{"line":40,"column":42},"end":{"line":40,"column":72}},{"start":{"line":40,"column":77},"end":{"line":40,"column":90}}],"line":40},"5":{"loc":{"start":{"line":46,"column":4},"end":{"line":51,"column":5}},"type":"if","locations":[{"start":{"line":46,"column":4},"end":{"line":51,"column":5}},{"start":{},"end":{}}],"line":46},"6":{"loc":{"start":{"line":47,"column":6},"end":{"line":50,"column":7}},"type":"if","locations":[{"start":{"line":47,"column":6},"end":{"line":50,"column":7}},{"start":{},"end":{}}],"line":47},"7":{"loc":{"start":{"line":47,"column":10},"end":{"line":47,"column":121}},"type":"binary-expr","locations":[{"start":{"line":47,"column":10},"end":{"line":47,"column":36}},{"start":{"line":47,"column":40},"end":{"line":47,"column":66}},{"start":{"line":47,"column":70},"end":{"line":47,"column":93}},{"start":{"line":47,"column":97},"end":{"line":47,"column":121}}],"line":47},"8":{"loc":{"start":{"line":54,"column":4},"end":{"line":57,"column":5}},"type":"if","locations":[{"start":{"line":54,"column":4},"end":{"line":57,"column":5}},{"start":{},"end":{}}],"line":54},"9":{"loc":{"start":{"line":54,"column":8},"end":{"line":54,"column":71}},"type":"binary-expr","locations":[{"start":{"line":54,"column":8},"end":{"line":54,"column":37}},{"start":{"line":54,"column":41},"end":{"line":54,"column":71}}],"line":54},"10":{"loc":{"start":{"line":66,"column":6},"end":{"line":68,"column":29}},"type":"if","locations":[{"start":{"line":66,"column":6},"end":{"line":68,"column":29}},{"start":{"line":67,"column":11},"end":{"line":68,"column":29}}],"line":66},"11":{"loc":{"start":{"line":67,"column":11},"end":{"line":68,"column":29}},"type":"if","locations":[{"start":{"line":67,"column":11},"end":{"line":68,"column":29}},{"start":{"line":68,"column":11},"end":{"line":68,"column":29}}],"line":67},"12":{"loc":{"start":{"line":81,"column":2},"end":{"line":81,"column":27}},"type":"if","locations":[{"start":{"line":81,"column":2},"end":{"line":81,"column":27}},{"start":{},"end":{}}],"line":81},"13":{"loc":{"start":{"line":94,"column":9},"end":{"line":234,"column":9}},"type":"binary-expr","locations":[{"start":{"line":94,"column":9},"end":{"line":94,"column":23}},{"start":{"line":94,"column":27},"end":{"line":94,"column":34}},{"start":{"line":95,"column":10},"end":{"line":233,"column":13}}],"line":94},"14":{"loc":{"start":{"line":138,"column":17},"end":{"line":149,"column":17}},"type":"binary-expr","locations":[{"start":{"line":138,"column":17},"end":{"line":138,"column":46}},{"start":{"line":139,"column":18},"end":{"line":148,"column":24}}],"line":138},"15":{"loc":{"start":{"line":159,"column":17},"end":{"line":170,"column":17}},"type":"binary-expr","locations":[{"start":{"line":159,"column":17},"end":{"line":159,"column":47}},{"start":{"line":160,"column":18},"end":{"line":169,"column":24}}],"line":159},"16":{"loc":{"start":{"line":180,"column":17},"end":{"line":217,"column":17}},"type":"binary-expr","locations":[{"start":{"line":180,"column":17},"end":{"line":180,"column":48}},{"start":{"line":181,"column":18},"end":{"line":216,"column":24}}],"line":180},"17":{"loc":{"start":{"line":228,"column":26},"end":{"line":228,"column":57}},"type":"binary-expr","locations":[{"start":{"line":228,"column":26},"end":{"line":228,"column":38}},{"start":{"line":228,"column":42},"end":{"line":228,"column":57}}],"line":228},"18":{"loc":{"start":{"line":230,"column":17},"end":{"line":230,"column":59}},"type":"cond-expr","locations":[{"start":{"line":230,"column":32},"end":{"line":230,"column":47}},{"start":{"line":230,"column":50},"end":{"line":230,"column":59}}],"line":230},"19":{"loc":{"start":{"line":236,"column":9},"end":{"line":259,"column":9}},"type":"binary-expr","locations":[{"start":{"line":236,"column":9},"end":{"line":236,"column":15}},{"start":{"line":237,"column":10},"end":{"line":258,"column":16}}],"line":236},"20":{"loc":{"start":{"line":239,"column":44},"end":{"line":239,"column":100}},"type":"cond-expr","locations":[{"start":{"line":239,"column":76},"end":{"line":239,"column":85}},{"start":{"line":239,"column":88},"end":{"line":239,"column":100}}],"line":239},"21":{"loc":{"start":{"line":261,"column":9},"end":{"line":267,"column":9}},"type":"binary-expr","locations":[{"start":{"line":261,"column":9},"end":{"line":261,"column":36}},{"start":{"line":262,"column":10},"end":{"line":266,"column":16}}],"line":261},"22":{"loc":{"start":{"line":269,"column":9},"end":{"line":276,"column":9}},"type":"binary-expr","locations":[{"start":{"line":269,"column":9},"end":{"line":269,"column":35}},{"start":{"line":270,"column":10},"end":{"line":275,"column":16}}],"line":269},"23":{"loc":{"start":{"line":278,"column":9},"end":{"line":285,"column":9}},"type":"binary-expr","locations":[{"start":{"line":278,"column":9},"end":{"line":278,"column":38}},{"start":{"line":279,"column":10},"end":{"line":284,"column":16}}],"line":278}},"s":{"0":0,"1":0,"2":0,"3":0,"4":0,"5":0,"6":0,"7":0,"8":0,"9":0,"10":0,"11":0,"12":0,"13":0,"14":0,"15":0,"16":0,"17":0,"18":0,"19":0,"20":0,"21":0,"22":0,"23":0,"24":0,"25":0,"26":0,"27":0,"28":0,"29":0,"30":0,"31":0,"32":0,"33":0,"34":0,"35":0,"36":0,"37":0,"38":0,"39":0,"40":0,"41":0,"42":0,"43":0,"44":0,"45":0,"46":0,"47":0,"48":0,"49":0,"50":0,"51":0,"52":0,"53":0,"54":0,"55":0,"56":0,"57":0,"58":0,"59":0,"60":0,"61":0,"62":0,"63":0,"64":0,"65":0},"f":{"0":0,"1":0,"2":0,"3":0,"4":0,"5":0,"6":0,"7":0,"8":0,"9":0,"10":0,"11":0,"12":0,"13":0,"14":0,"15":0,"16":0,"17":0,"18":0,"19":0,"20":0},"b":{"0":[0,0],"1":[0,0,0],"2":[0,0],"3":[0,0],"4":[0,0,0],"5":[0,0],"6":[0,0],"7":[0,0,0,0],"8":[0,0],"9":[0,0],"10":[0,0],"11":[0,0],"12":[0,0],"13":[0,0,0],"14":[0,0],"15":[0,0],"16":[0,0],"17":[0,0],"18":[0,0],"19":[0,0],"20":[0,0],"21":[0,0],"22":[0,0],"23":[0,0]}}
,"C:\\Users\\Lenovo\\IdeaProjects\\nutritrack_application f\\Nutritrack_App\\src\\components\\PersonalizedPlan.js": {"path":"C:\\Users\\Lenovo\\IdeaProjects\\nutritrack_application f\\Nutritrack_App\\src\\components\\PersonalizedPlan.js","statementMap":{"0":{"start":{"line":6,"column":25},"end":{"line":513,"column":1}},"1":{"start":{"line":7,"column":58},"end":{"line":7,"column":73}},"2":{"start":{"line":8,"column":34},"end":{"line":8,"column":45}},"3":{"start":{"line":10,"column":40},"end":{"line":10,"column":51}},"4":{"start":{"line":11,"column":34},"end":{"line":21,"column":4}},"5":{"start":{"line":23,"column":46},"end":{"line":23,"column":60}},"6":{"start":{"line":25,"column":16},"end":{"line":31,"column":3}},"7":{"start":{"line":33,"column":22},"end":{"line":38,"column":3}},"8":{"start":{"line":40,"column":25},"end":{"line":46,"column":3}},"9":{"start":{"line":48,"column":25},"end":{"line":51,"column":3}},"10":{"start":{"line":53,"column":26},"end":{"line":55,"column":3}},"11":{"start":{"line":57,"column":23},"end":{"line":64,"column":3}},"12":{"start":{"line":59,"column":4},"end":{"line":63,"column":5}},"13":{"start":{"line":60,"column":6},"end":{"line":60,"column":61}},"14":{"start":{"line":62,"column":6},"end":{"line":62,"column":63}},"15":{"start":{"line":66,"column":24},"end":{"line":69,"column":3}},"16":{"start":{"line":67,"column":31},"end":{"line":67,"column":106}},"17":{"start":{"line":67,"column":60},"end":{"line":67,"column":86}},"18":{"start":{"line":68,"column":4},"end":{"line":68,"column":36}},"19":{"start":{"line":71,"column":26},"end":{"line":101,"column":3}},"20":{"start":{"line":74,"column":4},"end":{"line":94,"column":5}},"21":{"start":{"line":76,"column":8},"end":{"line":76,"column":28}},"22":{"start":{"line":77,"column":8},"end":{"line":77,"column":25}},"23":{"start":{"line":78,"column":8},"end":{"line":78,"column":24}},"24":{"start":{"line":79,"column":8},"end":{"line":79,"column":14}},"25":{"start":{"line":81,"column":8},"end":{"line":81,"column":28}},"26":{"start":{"line":82,"column":8},"end":{"line":82,"column":25}},"27":{"start":{"line":83,"column":8},"end":{"line":83,"column":24}},"28":{"start":{"line":84,"column":8},"end":{"line":84,"column":14}},"29":{"start":{"line":86,"column":8},"end":{"line":86,"column":28}},"30":{"start":{"line":87,"column":8},"end":{"line":87,"column":25}},"31":{"start":{"line":88,"column":8},"end":{"line":88,"column":24}},"32":{"start":{"line":89,"column":8},"end":{"line":89,"column":14}},"33":{"start":{"line":91,"column":8},"end":{"line":91,"column":28}},"34":{"start":{"line":92,"column":8},"end":{"line":92,"column":25}},"35":{"start":{"line":93,"column":8},"end":{"line":93,"column":24}},"36":{"start":{"line":96,"column":4},"end":{"line":100,"column":6}},"37":{"start":{"line":103,"column":23},"end":{"line":140,"column":3}},"38":{"start":{"line":104,"column":65},"end":{"line":104,"column":73}},"39":{"start":{"line":106,"column":4},"end":{"line":108,"column":5}},"40":{"start":{"line":107,"column":6},"end":{"line":107,"column":18}},"41":{"start":{"line":110,"column":16},"end":{"line":110,"column":57}},"42":{"start":{"line":111,"column":15},"end":{"line":111,"column":48}},"43":{"start":{"line":114,"column":4},"end":{"line":127,"column":5}},"44":{"start":{"line":116,"column":8},"end":{"line":116,"column":20}},"45":{"start":{"line":117,"column":8},"end":{"line":117,"column":14}},"46":{"start":{"line":119,"column":8},"end":{"line":119,"column":20}},"47":{"start":{"line":120,"column":8},"end":{"line":120,"column":14}},"48":{"start":{"line":122,"column":8},"end":{"line":122,"column":20}},"49":{"start":{"line":123,"column":8},"end":{"line":123,"column":14}},"50":{"start":{"line":126,"column":8},"end":{"line":126,"column":14}},"51":{"start":{"line":129,"column":19},"end":{"line":129,"column":46}},"52":{"start":{"line":130,"column":16},"end":{"line":130,"column":50}},"53":{"start":{"line":132,"column":4},"end":{"line":139,"column":6}},"54":{"start":{"line":142,"column":2},"end":{"line":147,"column":30}},"55":{"start":{"line":143,"column":4},"end":{"line":146,"column":5}},"56":{"start":{"line":144,"column":19},"end":{"line":144,"column":33}},"57":{"start":{"line":145,"column":6},"end":{"line":145,"column":30}},"58":{"start":{"line":149,"column":28},"end":{"line":151,"column":3}},"59":{"start":{"line":150,"column":4},"end":{"line":150,"column":55}},"60":{"start":{"line":150,"column":25},"end":{"line":150,"column":52}},"61":{"start":{"line":153,"column":28},"end":{"line":160,"column":3}},"62":{"start":{"line":154,"column":4},"end":{"line":159,"column":8}},"63":{"start":{"line":154,"column":25},"end":{"line":159,"column":5}},"64":{"start":{"line":157,"column":37},"end":{"line":157,"column":51}},"65":{"start":{"line":162,"column":21},"end":{"line":166,"column":3}},"66":{"start":{"line":163,"column":4},"end":{"line":165,"column":5}},"67":{"start":{"line":164,"column":6},"end":{"line":164,"column":38}},"68":{"start":{"line":168,"column":21},"end":{"line":172,"column":3}},"69":{"start":{"line":169,"column":4},"end":{"line":171,"column":5}},"70":{"start":{"line":170,"column":6},"end":{"line":170,"column":38}},"71":{"start":{"line":174,"column":25},"end":{"line":185,"column":3}},"72":{"start":{"line":175,"column":4},"end":{"line":177,"column":7}},"73":{"start":{"line":178,"column":4},"end":{"line":183,"column":7}},"74":{"start":{"line":184,"column":4},"end":{"line":184,"column":34}},"75":{"start":{"line":187,"column":28},"end":{"line":434,"column":3}},"76":{"start":{"line":188,"column":4},"end":{"line":433,"column":5}},"77":{"start":{"line":190,"column":8},"end":{"line":215,"column":10}},"78":{"start":{"line":195,"column":16},"end":{"line":211,"column":29}},"79":{"start":{"line":201,"column":33},"end":{"line":201,"column":67}},"80":{"start":{"line":218,"column":8},"end":{"line":266,"column":10}},"81":{"start":{"line":227,"column":35},"end":{"line":227,"column":75}},"82":{"start":{"line":236,"column":35},"end":{"line":236,"column":78}},"83":{"start":{"line":249,"column":35},"end":{"line":249,"column":78}},"84":{"start":{"line":259,"column":35},"end":{"line":259,"column":78}},"85":{"start":{"line":269,"column":8},"end":{"line":293,"column":10}},"86":{"start":{"line":274,"column":16},"end":{"line":289,"column":29}},"87":{"start":{"line":280,"column":33},"end":{"line":280,"column":77}},"88":{"start":{"line":296,"column":8},"end":{"line":338,"column":10}},"89":{"start":{"line":303,"column":18},"end":{"line":314,"column":34}},"90":{"start":{"line":309,"column":35},"end":{"line":309,"column":82}},"91":{"start":{"line":322,"column":18},"end":{"line":333,"column":34}},"92":{"start":{"line":328,"column":35},"end":{"line":328,"column":74}},"93":{"start":{"line":341,"column":8},"end":{"line":429,"column":10}},"94":{"start":{"line":432,"column":8},"end":{"line":432,"column":20}},"95":{"start":{"line":436,"column":2},"end":{"line":512,"column":4}},"96":{"start":{"line":443,"column":25},"end":{"line":443,"column":34}},"97":{"start":{"line":444,"column":12},"end":{"line":466,"column":14}},"98":{"start":{"line":515,"column":15},"end":{"line":851,"column":1}}},"fnMap":{"0":{"name":"(anonymous_0)","decl":{"start":{"line":6,"column":25},"end":{"line":6,"column":26}},"loc":{"start":{"line":6,"column":51},"end":{"line":513,"column":1}},"line":6},"1":{"name":"(anonymous_1)","decl":{"start":{"line":57,"column":23},"end":{"line":57,"column":24}},"loc":{"start":{"line":57,"column":56},"end":{"line":64,"column":3}},"line":57},"2":{"name":"(anonymous_2)","decl":{"start":{"line":66,"column":24},"end":{"line":66,"column":25}},"loc":{"start":{"line":66,"column":48},"end":{"line":69,"column":3}},"line":66},"3":{"name":"(anonymous_3)","decl":{"start":{"line":67,"column":51},"end":{"line":67,"column":52}},"loc":{"start":{"line":67,"column":60},"end":{"line":67,"column":86}},"line":67},"4":{"name":"(anonymous_4)","decl":{"start":{"line":71,"column":26},"end":{"line":71,"column":27}},"loc":{"start":{"line":71,"column":46},"end":{"line":101,"column":3}},"line":71},"5":{"name":"(anonymous_5)","decl":{"start":{"line":103,"column":23},"end":{"line":103,"column":24}},"loc":{"start":{"line":103,"column":29},"end":{"line":140,"column":3}},"line":103},"6":{"name":"(anonymous_6)","decl":{"start":{"line":142,"column":12},"end":{"line":142,"column":13}},"loc":{"start":{"line":142,"column":18},"end":{"line":147,"column":3}},"line":142},"7":{"name":"(anonymous_7)","decl":{"start":{"line":149,"column":28},"end":{"line":149,"column":29}},"loc":{"start":{"line":149,"column":46},"end":{"line":151,"column":3}},"line":149},"8":{"name":"(anonymous_8)","decl":{"start":{"line":150,"column":16},"end":{
[...]
,"43":{"start":{"line":78,"column":23},"end":{"line":102,"column":3}},"44":{"start":{"line":79,"column":4},"end":{"line":79,"column":23}},"45":{"start":{"line":80,"column":4},"end":{"line":80,"column":32}},"46":{"start":{"line":80,"column":25},"end":{"line":80,"column":32}},"47":{"start":{"line":82,"column":4},"end":{"line":82,"column":23}},"48":{"start":{"line":85,"column":4},"end":{"line":101,"column":13}},"49":{"start":{"line":86,"column":6},"end":{"line":99,"column":7}},"50":{"start":{"line":88,"column":8},"end":{"line":90,"column":9}},"51":{"start":{"line":89,"column":10},"end":{"line":89,"column":61}},"52":{"start":{"line":91,"column":8},"end":{"line":91,"column":18}},"53":{"start":{"line":92,"column":8},"end":{"line":92,"column":26}},"54":{"start":{"line":95,"column":8},"end":{"line":95,"column":67}},"55":{"start":{"line":96,"column":8},"end":{"line":96,"column":58}},"56":{"start":{"line":97,"column":8},"end":{"line":97,"column":78}},"57":{"start":{"line":98,"column":8},"end":{"line":98,"column":25}},"58":{"start":{"line":100,"column":6},"end":{"line":100,"column":26}},"59":{"start":{"line":104,"column":31},"end":{"line":112,"column":3}},"60":{"start":{"line":105,"column":4},"end":{"line":105,"column":23}},"61":{"start":{"line":106,"column":4},"end":{"line":109,"column":5}},"62":{"start":{"line":107,"column":6},"end":{"line":107,"column":60}},"63":{"start":{"line":108,"column":6},"end":{"line":108,"column":13}},"64":{"start":{"line":110,"column":4},"end":{"line":110,"column":53}},"65":{"start":{"line":111,"column":4},"end":{"line":111,"column":33}},"66":{"start":{"line":115,"column":2},"end":{"line":120,"column":9}},"67":{"start":{"line":116,"column":28},"end":{"line":116,"column":61}},"68":{"start":{"line":117,"column":4},"end":{"line":119,"column":5}},"69":{"start":{"line":118,"column":6},"end":{"line":118,"column":84}},"70":{"start":{"line":118,"column":28},"end":{"line":118,"column":81}},"71":{"start":{"line":122,"column":2},"end":{"line":379,"column":4}},"72":{"start":{"line":182,"column":29},"end":{"line":182,"column":57}},"73":{"start":{"line":343,"column":33},"end":{"line":343,"column":60}},"74":{"start":{"line":367,"column":20},"end":{"line":367,"column":41}},"75":{"start":{"line":368,"column":20},"end":{"line":368,"column":34}}},"fnMap":{"0":{"name":"(anonymous_0)","decl":{"start":{"line":6,"column":18},"end":{"line":6,"column":19}},"loc":{"start":{"line":6,"column":35},"end":{"line":380,"column":1}},"line":6},"1":{"name":"(anonymous_1)","decl":{"start":{"line":41,"column":28},"end":{"line":41,"column":29}},"loc":{"start":{"line":41,"column":35},"end":{"line":54,"column":3}},"line":41},"2":{"name":"(anonymous_2)","decl":{"start":{"line":44,"column":19},"end":{"line":44,"column":20}},"loc":{"start":{"line":44,"column":28},"end":{"line":47,"column":7}},"line":44},"3":{"name":"(anonymous_3)","decl":{"start":{"line":49,"column":18},"end":{"line":49,"column":19}},"loc":{"start":{"line":49,"column":27},"end":{"line":52,"column":7}},"line":49},"4":{"name":"(anonymous_4)","decl":{"start":{"line":56,"column":23},"end":{"line":56,"column":24}},"loc":{"start":{"line":56,"column":29},"end":{"line":76,"column":3}},"line":56},"5":{"name":"(anonymous_5)","decl":{"start":{"line":78,"column":23},"end":{"line":78,"column":24}},"loc":{"start":{"line":78,"column":36},"end":{"line":102,"column":3}},"line":78},"6":{"name":"(anonymous_6)","decl":{"start":{"line":85,"column":15},"end":{"line":85,"column":16}},"loc":{"start":{"line":85,"column":21},"end":{"line":101,"column":5}},"line":85},"7":{"name":"(anonymous_7)","decl":{"start":{"line":104,"column":31},"end":{"line":104,"column":32}},"loc":{"start":{"line":104,"column":38},"end":{"line":112,"column":3}},"line":104},"8":{"name":"(anonymous_8)","decl":{"start":{"line":115,"column":18},"end":{"line":115,"column":19}},"loc":{"start":{"line":115,"column":24},"end":{"line":120,"column":3}},"line":115},"9":{"name":"(anonymous_9)","decl":{"start":{"line":118,"column":19},"end":{"line":118,"column":20}},"loc":{"start":{"line":118,"column":28},"end":{"line":118,"column":81}},"line":118},"10":{"name":"(anonymous_10)","decl":{"start":{"line":182,"column":23},"end":{"line":182,"column":24}},"loc":{"start":{"line":182,"column":29},"end":{"line":182,"column":57}},"line":182},"11":{"name":"(anonymous_11)","decl":{"start":{"line":343,"column":27},"end":{"line":343,"column":28}},"loc":{"start":{"line":343,"column":33},"end":{"line":343,"column":60}},"line":343},"12":{"name":"(anonymous_12)","decl":{"start":{"line":366,"column":27},"end":{"line":366,"column":28}},"loc":{"start":{"line":366,"column":33},"end":{"line":369,"column":19}},"line":366}},"branchMap":{"0":{"loc":{"start":{"line":43,"column":4},"end":{"line":53,"column":5}},"type":"if","locations":[{"start":{"line":43,"column":4},"end":{"line":53,"column":5}},{"start":{"line":48,"column":11},"end":{"line":53,"column":5}}],"line":43},"1":{"loc":{"start":{"line":46,"column":16},"end":{"line":46,"column":53}},"type":"cond-expr","locations":[{"start":{"line":46,"column":38},"end":{"line":46,"column":45}},{"start":{"line":46,"column":48},"end":{"line":46,"column":53}}],"line":46},"2":{"loc":{"start":{"line":59,"column":4},"end":{"line":72,"column":5}},"type":"if","locations":[{"start":{"line":59,"column":4},"end":{"line":72,"column":5}},{"start":{"line":62,"column":11},"end":{"line":72,"column":5}}],"line":59},"3":{"loc":{"start":{"line":60,"column":6},"end":{"line":60,"column":66}},"type":"if","locations":[{"start":{"line":60,"column":6},"end":{"line":60,"column":66}},{"start":{},"end":{}}],"line":60},"4":{"loc":{"start":{"line":61,"column":6},"end":{"line":61,"column":75}},"type":"if","locations":[{"start":{"line":61,"column":6},"end":{"line":61,"column":75}},{"start":{},"end":{}}],"line":61},"5":{"loc":{"start":{"line":63,"column":6},"end":{"line":63,"column":75}},"type":"if","locations":[{"start":{"line":63,"column":6},"end":{"line":63,"column":75}},{"start":{},"end":{}}],"line":63},"6":{"loc":{"start":{"line":64,"column":6},"end":{"line":64,"column":65}},"type":"if","locations":[{"start":{"line":64,"column":6},"end":{"line":64,"column":65}},{"start":{},"end":{}}],"line":64},"7":{"loc":{"start":{"line":65,"column":6},"end":{"line":65,"column":74}},"type":"if","locations":[{"start":{"line":65,"column":6},"end":{"line":65,"column":74}},{"start":{},"end":{}}],"line":65},"8":{"loc":{"start":{"line":66,"column":6},"end":{"line":66,"column":111}},"type":"if","locations":[{"start":{"line":66,"column":6},"end":{"line":66,"column":111}},{"start":{},"end":{}}],"line":66},"9":{"loc":{"start":{"line":67,"column":6},"end":{"line":67,"column":69}},"type":"if","locations":[{"start":{"line":67,"column":6},"end":{"line":67,"column":69}},{"start":{},"end":{}}],"line":67},"10":{"loc":{"start":{"line":68,"column":6},"end":{"line":68,"column":68}},"type":"if","locations":[{"start":{"line":68,"column":6},"end":{"line":68,"column":68}},{"start":{},"end":{}}],"line":68},"11":{"loc":{"start":{"line":69,"column":6},"end":{"line":69,"column":68}},"type":"if","locations":[{"start":{"line":69,"column":6},"end":{"line":69,"column":68}},{"start":{},"end":{}}],"line":69},"12":{"loc":{"start":{"line":70,"column":6},"end":{"line":70,"column":68}},"type":"if","locations":[{"start":{"line":70,"column":6},"end":{"line":70,"column":68}},{"start":{},"end":{}}],"line":70},"13":{"loc":{"start":{"line":71,"column":6},"end":{"line":71,"column":81}},"type":"if","locations":[{"start":{"line":71,"column":6},"end":{"line":71,"column":81}},{"start":{},"end":{}}],"line":71},"14":{"loc":{"start":{"line":80,"column":4},"end":{"line":80,"column":32}},"type":"if","locations":[{"start":{"line":80,"column":4},"end":{"line":80,"column":32}},{"start":{},"end":{}}],"line":80},"15":{"loc":{"start":{"line":86,"column":6},"end":{"line":99,"column":7}},"type":"if","locations":[{"start":{"line":86,"column":6},"end":{"line":99,"column":7}},{"start":{"line":93,"column":13},"end":{"line":99,"column":7}}],"line":86},"16":{"loc":{"start":{"line":88,"column":8},"end":{"line":90,"column":9}},"type":"if","locations":[{"start":{"line":88,"column":8},"end":{"line":90,"column":9}},{"start":{},"end":{}}],"line":88},"17":{"loc":{"start":{"line":106,"column":4},"end":{"line":109,"column":5}},"type":"if","locations":[{"start":{"line":106,"column":4},"end":{"line":109,"column":5}},{"start":{},"end":{}}],"line":106},"18":{"loc":{"start":{"line":117,"column":4},"end":{"line":119,"column":5}},"type":"if","locations":[{"start":{"line":117,"column":4},"end":{"line":119,"column":5}},{"start":{},"end":{}}],"line":117},"19":{"loc":{"start":{"line":137,"column":13},"end":{"line":137,"column":96}},"type":"cond-expr","locations":[{"start":{"line":137,"column":34},"end":{"line":137,"column":50}},{"start":{"line":137,"column":53},"end":{"line":137,"column":96}}],"line":137},"20":{"loc":{"start":{"line":137,"column":53},"end":{"line":137,"column":96}},"type":"cond-expr","locations":[{"start":{"line":137,"column":63},"end":{"line":137,"column":77}},{"start":{"line":137,"column":80},"end":{"line":137,"column":96}}],"line":137},"21":{"loc":{"start":{"line":145,"column":13},"end":{"line":149,"column":72}},"type":"cond-expr","locations":[{"start":{"line":146,"column":16},"end":{"line":146,"column":64}},{"start":{"line":147,"column":16},"end":{"line":149,"column":72}}],"line":145},"22":{"loc":{"start":{"line":147,"column":16},"end":{"line":149,"column":72}},"type":"cond-expr","locations":[{"start":{"line":148,"column":18},"end":{"line":148,"column":61}},{"start":{"line":149,"column":18},"end":{"line":149,"column":72}}],"line":147},"23":{"loc":{"start":{"line":154,"column":9},"end":{"line":376,"column":9}},"type":"cond-expr","locations":[{"start":{"line":155,"column":10},"end":{"line":186,"column":17}},{"start":{"line":188,"column":10},"end":{"line":375,"column":17}}],"line":154},"24":{"loc":{"start":{"line":163,"column":40},"end":{"line":163,"column":67}},"type":"cond-expr","locations":[{"start":{"line":163,"column":55},"end":{"line":163,"column":62}},{"start":{"line":163,"column":65},"end":{"line":163,"column":67}}],"line":163},"25":{"loc":{"start":{"line":166,"column":15},"end":{"line":166,"column":80}},"type":"binary-expr","locations":[{"start":{"line":166,"column":15},"end":{"line":166,"column":27}},{"start":{"line":166,"column":31},"end":{"line":166,"column":80}}],"line":166},"26":{"loc":{"start":{"line":176,"column":15},"end":{"line":176,"column":59}},"type":"cond-expr","locations":[{"start":{"line":176,"column":27},"end":{"line":176,"column":39}},{"start":{"line":176,"column":42},"end":{"line":176,"column":59}}],"line":176},"27":{"loc":{"start":{"line":189,"column":13},"end":{"line":285,"column":13}},"type":"binary-expr","locations":[{"start":{"line":189,"column":13},"end":{"line":189,"column":21}},{"start":{"line":190,"column":14},"end":{"line":284,"column":17}}],"line":189},"28":{"loc":{"start":{"line":198,"column":44},"end":{"line":198,"column":74}},"type":"cond-expr","locations":[{"start":{"line":198,"column":62},"end":{"line":198,"column":69}},{"start":{"line":198,"column":72},"end":{"line":198,"column":74}}],"line":198},"29":{"loc":{"start":{"line":201,"column":19},"end":{"line":201,"column":90}},"type":"binary-expr","locations":[{"start":{"line":201,"column":19},"end":{"line":201,"column":34}},{"start":{"line":201,"column":38},"end":{"line":201,"column":90}}],"line":201},"30":{"loc":{"start":{"line":212,"column":46},"end":{"line":212,"column":71}},"type":"cond-expr","locations":[{"start":{"line":212,"column":59},"end":{"line":212,"column":66}},{"start":{"line":212,"column":69},"end":{"line":212,"column":71}}],"line":212},"31":{"loc":{"start":{"line":214,"column":21},"end":{"line":214,"column":82}},"type":"binary-expr","locations":[{"start":{"line":214,"column":21},"end":{"line":214,"column":31}},{"start":{"line":214,"column":35},"end":{"line":214,"column":82}}],"line":214},"32":{"loc":{"start":{"line":223,"column":46},"end":{"line":223,"column":74}},"type":"cond-expr","locations":[{"start":{"line":223,"column":62},"end":{"line":223,"column":69}},{"start":{"line":223,"column":72},"end":{"line":223,"column":74}}],"line":223},"33":{"loc":{"start":{"line":231,"column":21},"end":{"line":231,"column":88}},"type":"binary-expr","locations":[{"start":{"line":231,"column":21},"end":{"line":231,"column":34}},{"start":{"line":231,"column":38},"end":{"line":231,"column":88}}],"line":231},"34":{"loc":{"start":{"line":243,"column":46},"end":{"line":243,"column":74}},"type":"cond-expr","locations":[{"start":{"line":243,"column":62},"end":{"line":243,"column":69}},{"start":{"line":243,"column":72},"end":{"line":243,"column":74}}],"line":243},"35":{"loc":{"start":{"line":248,"column":21},"end":{"line":248,"column":88}},"type":"binary-expr","locations":[{"start":{"line":248,"column":21},"end":{"line":248,"column":34}},{"start":{"line":248,"column":38},"end":{"line":248,"column":88}}],"line":248},"36":{"loc":{"start":{"line":258,"column":46},"end":{"line":258,"column":74}},"type":"cond-expr","locations":[{"start":{"line":258,"column":62},"end":{"line":258,"column":69}},{"start":{"line":258,"column":72},"end":{"line":258,"column":74}}],"line":258},"37":{"loc":{"start":{"line":263,"column":21},"end":{"line":263,"column":88}},"type":"binary-expr","locations":[{"start":{"line":263,"column":21},"end":{"line":263,"column":34}},{"start":{"line":263,"column":38},"end":{"line":263,"column":88}}],"line":263},"38":{"loc":{"start":{"line":273,"column":44},"end":{"line":273,"column":76}},"type":"cond-expr","locations":[{"start":{"line":273,"column":64},"end":{"line":273,"column":71}},{"start":{"line":273,"column":74},"end":{"line":273,"column":76}}],"line":273},"39":{"loc":{"start":{"line":282,"column":19},"end":{"line":282,"column":94}},"type":"binary-expr","locations":[{"start":{"line":282,"column":19},"end":{"line":282,"column":36}},{"start":{"line":282,"column":40},"end":{"line":282,"column":94}}],"line":282},"40":{"loc":{"start":{"line":292,"column":23},"end":{"line":292,"column":65}},"type":"cond-expr","locations":[{"start":{"line":292,"column":33},"end":{"line":292,"column":48}},{"start":{"line":292,"column":51},"end":{"line":292,"column":65}}],"line":292},"41":{"loc":{"start":{"line":294,"column":40},"end":{"line":294,"column":67}},"type":"cond-expr","locations":[{"start":{"line":294,"column":55},"end":{"line":294,"column":62}},{"start":{"line":294,"column":65},"end":{"line":294,"column":67}}],"line":294},"42":{"loc":{"start":{"line":297,"column":15},"end":{"line":297,"column":80}},"type":"binary-expr","locations":[{"start":{"line":297,"column":15},"end":{"line":297,"column":27}},{"start":{"line":297,"column":31},"end":{"line":297,"column":80}}],"line":297},"43":{"loc":{"start":{"line":305,"column":23},"end":{"line":305,"column":71}},"type":"cond-expr","locations":[{"start":{"line":305,"column":33},"end":{"line":305,"column":51}},{"start":{"line":305,"column":54},"end":{"line":305,"column":71}}],"line":305},"44":{"loc":{"start":{"line":307,"column":40},"end":{"line":307,"column":70}},"type":"cond-expr","locations":[{"start":{"line":307,"column":58},"end":{"line":307,"column":65}},{"start":{"line":307,"column":68},"end":{"line":307,"column":70}}],"line":307},"45":{"loc":{"start":{"line":310,"column":15},"end":{"line":310,"column":86}},"type":"binary-expr","locations":[{"start":{"line":310,"column":15},"end":{"line":310,"column":30}},{"start":{"line":310,"column":34},"end":{"line":310,"column":86}}],"line":310},"46":{"loc":{"start":{"line":313,"column":13},"end":{"line":326,"column":13}},"type":"binary-expr","locations":[{"start":{"line":313,"column":13},"end":{"line":313,"column":21}},{"start":{"line":314,"column":14},"end":{"line":325,"column":20}}],"line":313},"47":{"loc":{"start":{"line":321,"column":42},"end":{"line":321,"column":79}},"type":"cond-expr","locations":[{"start":{"line":321,"column":67},"end":{"line":321,"column":74}},{"start":{"line":321,"column":77},"end":{"line":321,"column":79}}],"line":321},"48":{"loc":{"start":{"line":324,"column":17},"end":{"line":324,"column":102}},"type":"binary-expr","locations":[{"start":{"line":324,"column":17},"end":{"line":324,"column":39}},{"start":{"line":324,"column":43},"end":{"line":324,"column":102}}],"line":324},"49":{"loc":{"start":{"line":328,"column":13},"end":{"line":348,"column":13}},"type":"binary-expr","locations":[{"start":{"line":328,"column":13},"end":{"line":328,"column":20}},{"start":{"line":329,"column":14},"end":{"line":347,"column":20}}],"line":328},"50":{"loc":{"start":{"line":357,"column":15},"end":{"line":357,"column":85}},"type":"cond-expr","locations":[{"start":{"line":357,"column":27},"end":{"line":357,"column":42}},{"start":{"line":357,"column":46},"end":{"line":357,"column":84}}],"line":357},"51":{"loc":{"start":{"line":357,"column":46},"end":{"line":357,"column":84}},"type":"cond-expr","locations":[{"start":{"line":357,"column":56},"end":{"line":357,"column":65}},{"start":{"line":357,"column":68},"end":{"line":357,"column":84}}],"line":357},"52":{"loc":{"start":{"line":362,"column":17},"end":{"line":362,"column":80}},"type":"cond-expr","locations":[{"start":{"line":362,"column":27},"end":{"line":362,"column":51}},{"start":{"line":362,"column":54},"end":{"line":362,"column":80}}],"line":362},"53":{"loc":{"start":{"line":371,"column":19},"end":{"line":371,"column":50}},"type":"cond-expr","locations":[{"start":{"line":371,"column":29},"end":{"line":371,"column":38}},{"start":{"line":371,"column":41},"end":{"line":371,"column":50}}],"line":371}},"s":{"0":0,"1":0,"2":0,"3":0,"4":0,"5":0,"6":0,"7":0,"8":0,"9":0,"10":0,"11":0,"12":0,"13":0,"14":0,"15":0,"16":0,"17":0,"18":0,"19":0,"20":0,"21":0,"22":0,"23":0,"24":0,"25":0,"26":0,"27":0,"28":0,"29":0,"30":0,"31":0,"32":0,"33":0,"34":0,"35":0,"36":0,"37":0,"38":0,"39":0,"40":0,"41":0,"42":0,"43":0,"44":0,"45":0,"46":0,"47":0,"48":0,"49":0,"50":0,"51":0,"52":0,"53":0,"54":0,"55":0,"56":0,"57":0,"58":0,"59":0,"60":0,"61":0,"62":0,"63":0,"64":0,"65":0,"66":0,"67":0,"68":0,"69":0,"70":0,"71":0,"72":0,"73":0,"74":0,"75":0},"f":{"0":0,"1":0,"2":0,"3":0,"4":0,"5":0,"6":0,"7":0,"8":0,"9":0,"10":0,"11":0,"12":0},"b":{"0":[0,0],"1":[0,0],"2":[0,0],"3":[0,0],"4":[0,0],"5":[0,0],"6":[0,0],"7":[0,0],"8":[0,0],"9":[0,0],"10":[0,0],"11":[0,0],"12":[0,0],"13":[0,0],"14":[0,0],"15":[0,0],"16":[0,0],"17":[0,0],"18":[0,0],"19":[0,0],"20":[0,0],"21":[0,0],"22":[0,0],"23":[0,0],"24":[0,0],"25":[0,0],"26":[0,0],"27":[0,0],"28":[0,0],"29":[0,0],"30":[0,0],"31":[0,0],"32":[0,0],"33":[0,0],"34":[0,0],"35":[0,0],"36":[0,0],"37":[0,0],"38":[0,0],"39":[0,0],"40":[0,0],"41":[0,0],"42":[0,0],"43":[0,0],"44":[0,0],"45":[0,0],"46":[0,0],"47":[0,0],"48":[0,0],"49":[0,0],"50":[0,0],"51":[0,0],"52":[0,0],"53":[0,0]}}
,"C:\\Users\\Lenovo\\IdeaProjects\\nutritrack_application f\\Nutritrack_App\\src\\pages\\PaymentPage.js": {"path":"C:\\Users\\Lenovo\\IdeaProjects\\nutritrack_application f\\Nutritrack_App\\src\\pages\\PaymentPage.js","statementMap":{"0":{"start":{"line":5,"column":20},"end":{"line":19,"column":1}},"1":{"start":{"line":6,"column":19},"end":{"line":6,"column":32}},"2":{"start":{"line":7,"column":34},"end":{"line":7,"column":54}},"3":{"start":{"line":9,"column":2},"end":{"line":18,"column":4}},"4":{"start":{"line":13,"column":23},"end":{"line":13,"column":44}}},"fnMap":{"0":{"name":"(anonymous_0)","decl":{"start":{"line":5,"column":20},"end":{"line":5,"column":21}},"loc":{"start":{"line":5,"column":26},"end":{"line":19,"column":1}},"line":5},"1":{"name":"(anonymous_1)","decl":{"start":{"line":13,"column":17},"end":{"line":13,"column":18}},"loc":{"start":{"line":13,"column":23},"end":{"line":13,"column":44}},"line":13}},"branchMap":{"0":{"loc":{"start":{"line":7,"column":34},"end":{"line":7,"column":54}},"type":"binary-expr","locations":[{"start":{"line":7,"column":34},"end":{"line":7,"column":48}},{"start":{"line":7,"column":52},"end":{"line":7,"column":54}}],"line":7}},"s":{"0":0,"1":0,"2":0,"3":0,"4":0},"f":{"0":0,"1":0},"b":{"0":[0,0]}}
}
