TN:
SF:src\App.js
FN:18,(anonymous_0)
FN:23,(anonymous_1)
FN:27,(anonymous_2)
FNF:3
FNH:0
FNDA:0,(anonymous_0)
FNDA:0,(anonymous_1)
FNDA:0,(anonymous_2)
DA:18,0
DA:20,0
DA:21,0
DA:23,0
DA:24,0
DA:27,0
DA:28,0
DA:42,0
DA:56,0
LF:9
LH:0
BRDA:32,0,0,0
BRDA:32,0,1,0
BRDA:33,1,0,0
BRDA:33,1,1,0
BRDA:34,2,0,0
BRDA:34,2,1,0
BRDA:35,3,0,0
BRDA:35,3,1,0
BRDA:36,4,0,0
BRDA:36,4,1,0
BRF:10
BRH:0
end_of_record
TN:
SF:src\index.js
FNF:0
FNH:0
DA:7,0
DA:8,0
LF:2
LH:0
BRF:0
BRH:0
end_of_record
TN:
SF:src\reportWebVitals.js
FN:1,(anonymous_0)
FN:3,(anonymous_1)
FNF:2
FNH:0
FNDA:0,(anonymous_0)
FNDA:0,(anonymous_1)
DA:1,0
DA:2,0
DA:3,0
DA:4,0
DA:5,0
DA:6,0
DA:7,0
DA:8,0
LF:8
LH:0
BRDA:2,0,0,0
BRDA:2,0,1,0
BRDA:2,1,0,0
BRDA:2,1,1,0
BRF:4
BRH:0
end_of_record
TN:
SF:src\components\DailySummary.js
FN:24,TrackingPage
FN:29,(anonymous_1)
FN:31,(anonymous_2)
FN:37,fetchDailyData
FN:41,(anonymous_4)
FN:54,(anonymous_5)
FN:55,(anonymous_6)
FN:56,(anonymous_7)
FN:72,(anonymous_8)
FN:125,(anonymous_9)
FN:135,(anonymous_10)
FN:168,(anonymous_11)
FN:189,Stat
FN:201,MealCard
FNF:14
FNH:0
FNDA:0,TrackingPage
FNDA:0,(anonymous_1)
FNDA:0,(anonymous_2)
FNDA:0,fetchDailyData
FNDA:0,(anonymous_4)
FNDA:0,(anonymous_5)
FNDA:0,(anonymous_6)
FNDA:0,(anonymous_7)
FNDA:0,(anonymous_8)
FNDA:0,(anonymous_9)
FNDA:0,(anonymous_10)
FNDA:0,(anonymous_11)
FNDA:0,Stat
FNDA:0,MealCard
DA:9,0
DA:10,0
DA:12,0
DA:25,0
DA:26,0
DA:27,0
DA:29,0
DA:31,0
DA:32,0
DA:33,0
DA:41,0
DA:42,0
DA:45,0
DA:54,0
DA:55,0
DA:56,0
DA:58,0
DA:72,0
DA:126,0
DA:136,0
DA:169,0
DA:190,0
DA:202,0
DA:203,0
LF:24
LH:0
BRDA:45,0,0,0
BRDA:45,0,1,0
BRDA:45,1,0,0
BRDA:45,1,1,0
BRDA:126,2,0,0
BRDA:126,2,1,0
BRDA:137,3,0,0
BRDA:137,3,1,0
BRDA:140,4,0,0
BRDA:140,4,1,0
BRDA:140,5,0,0
BRDA:140,5,1,0
BRDA:202,6,0,0
BRDA:202,6,1,0
BRDA:202,7,0,0
BRDA:202,7,1,0
BRDA:207,8,0,0
BRDA:207,8,1,0
BRDA:210,9,0,0
BRDA:210,9,1,0
BRDA:210,10,0,0
BRDA:210,10,1,0
BRDA:214,11,0,0
BRDA:214,11,1,0
BRDA:220,12,0,0
BRDA:220,12,1,0
BRF:26
BRH:0
end_of_record
TN:
SF:src\components\Dashboard.js
FN:13,(anonymous_0)
FN:20,(anonymous_1)
FN:21,(anonymous_2)
FN:22,(anonymous_3)
FN:25,(anonymous_4)
FN:26,(anonymous_5)
FN:27,(anonymous_6)
FN:29,(anonymous_7)
FN:30,(anonymous_8)
FN:36,(anonymous_9)
FN:37,(anonymous_10)
FN:41,(anonymous_11)
FN:45,(anonymous_12)
FN:185,(anonymous_13)
FN:194,(anonymous_14)
FN:203,(anonymous_15)
FN:212,(anonymous_16)
FNF:17
FNH:0
FNDA:0,(anonymous_0)
FNDA:0,(anonymous_1)
FNDA:0,(anonymous_2)
FNDA:0,(anonymous_3)
FNDA:0,(anonymous_4)
FNDA:0,(anonymous_5)
FNDA:0,(anonymous_6)
FNDA:0,(anonymous_7)
FNDA:0,(anonymous_8)
FNDA:0,(anonymous_9)
FNDA:0,(anonymous_10)
FNDA:0,(anonymous_11)
FNDA:0,(anonymous_12)
FNDA:0,(anonymous_13)
FNDA:0,(anonymous_14)
FNDA:0,(anonymous_15)
FNDA:0,(anonymous_16)
DA:13,0
DA:14,0
DA:15,0
DA:16,0
DA:18,0
DA:20,0
DA:21,0
DA:22,0
DA:25,0
DA:26,0
DA:27,0
DA:29,0
DA:30,0
DA:31,0
DA:33,0
DA:36,0
DA:37,0
DA:38,0
DA:41,0
DA:42,0
DA:45,0
DA:46,0
DA:49,0
DA:57,0
DA:59,0
DA:185,0
DA:194,0
DA:203,0
DA:212,0
DA:300,0
LF:30
LH:0
BRDA:25,0,0,0
BRDA:25,0,1,0
BRDA:31,1,0,0
BRDA:31,1,1,0
BRDA:71,2,0,0
BRDA:71,2,1,0
BRDA:71,3,0,0
BRDA:71,3,1,0
BRDA:71,4,0,0
BRDA:71,4,1,0
BRDA:113,5,0,0
BRDA:113,5,1,0
BRDA:118,6,0,0
BRDA:118,6,1,0
BRDA:138,7,0,0
BRDA:138,7,1,0
BRDA:158,8,0,0
BRDA:158,8,1,0
BRDA:167,9,0,0
BRDA:167,9,1,0
BRDA:169,10,0,0
BRDA:169,10,1,0
BRDA:271,11,0,0
BRDA:271,11,1,0
BRDA:271,12,0,0
BRDA:271,12,1,0
BRF:26
BRH:0
end_of_record
TN:
SF:src\components\ExerciseTracker.js
FN:5,(anonymous_0)
FN:8,(anonymous_1)
FN:25,(anonymous_2)
FN:28,(anonymous_3)
FN:39,(anonymous_4)
FN:45,(anonymous_5)
FN:51,(anonymous_6)
FNF:7
FNH:0
FNDA:0,(anonymous_0)
FNDA:0,(anonymous_1)
FNDA:0,(anonymous_2)
FNDA:0,(anonymous_3)
FNDA:0,(anonymous_4)
FNDA:0,(anonymous_5)
FNDA:0,(anonymous_6)
DA:5,0
DA:6,0
DA:8,0
DA:9,0
DA:10,0
DA:11,0
DA:15,0
DA:26,0
DA:28,0
DA:39,0
DA:45,0
DA:51,0
LF:12
LH:0
BRDA:9,0,0,0
BRDA:9,0,1,0
BRDA:9,1,0,0
BRDA:9,1,1,0
BRDA:29,2,0,0
BRDA:29,2,1,0
BRF:6
BRH:0
end_of_record
TN:
SF:src\components\Footer.js
FN:4,(anonymous_0)
FN:7,(anonymous_1)
FN:35,(anonymous_2)
FN:36,(anonymous_3)
FN:37,(anonymous_4)
FN:38,(anonymous_5)
FN:39,(anonymous_6)
FNF:7
FNH:0
FNDA:0,(anonymous_0)
FNDA:0,(anonymous_1)
FNDA:0,(anonymous_2)
FNDA:0,(anonymous_3)
FNDA:0,(anonymous_4)
FNDA:0,(anonymous_5)
FNDA:0,(anonymous_6)
DA:4,0
DA:5,0
DA:7,0
DA:8,0
DA:9,0
DA:10,0
DA:12,0
DA:15,0
DA:35,0
DA:36,0
DA:37,0
DA:38,0
DA:39,0
LF:13
LH:0
BRDA:9,0,0,0
BRDA:9,0,1,0
BRF:2
BRH:0
end_of_record
TN:
SF:src\components\HomePage.js
FN:6,(anonymous_0)
FN:32,(anonymous_1)
FN:36,(anonymous_2)
FNF:3
FNH:0
FNDA:0,(anonymous_0)
FNDA:0,(anonymous_1)
FNDA:0,(anonymous_2)
DA:6,0
DA:7,0
DA:9,0
DA:20,0
DA:32,0
DA:33,0
DA:36,0
DA:37,0
DA:41,0
LF:9
LH:0
BRF:0
BRH:0
end_of_record
TN:
SF:src\components\MealKitsPage.js
FN:7,(anonymous_0)
FN:16,(anonymous_1)
FN:25,(anonymous_2)
FN:36,(anonymous_3)
FN:45,(anonymous_4)
FN:54,(anonymous_5)
FN:65,(anonymous_6)
FN:74,(anonymous_7)
FN:83,(anonymous_8)
FN:94,(anonymous_9)
FN:103,(anonymous_10)
FN:112,(anonymous_11)
FN:126,(anonymous_12)
FN:135,(anonymous_13)
FN:140,(anonymous_14)
FN:144,(anonymous_15)
FN:150,(anonymous_16)
FN:162,(anonymous_17)
FN:163,(anonymous_18)
FN:164,(anonymous_19)
FN:165,(anonymous_20)
FN:166,(anonymous_21)
FN:169,(anonymous_22)
FN:187,(anonymous_23)
FN:193,(anonymous_24)
FN:197,(anonymous_25)
FN:201,(anonymous_26)
FN:205,(anonymous_27)
FN:222,(anonymous_28)
FN:244,(anonymous_29)
FN:266,(anonymous_30)
FN:288,(anonymous_31)
FNF:32
FNH:0
FNDA:0,(anonymous_0)
FNDA:0,(anonymous_1)
FNDA:0,(anonymous_2)
FNDA:0,(anonymous_3)
FNDA:0,(anonymous_4)
FNDA:0,(anonymous_5)
FNDA:0,(anonymous_6)
FNDA:0,(anonymous_7)
FNDA:0,(anonymous_8)
FNDA:0,(anonymous_9)
FNDA:0,(anonymous_10)
FNDA:0,(anonymous_11)
FNDA:0,(anonymous_12)
FNDA:0,(anonymous_13)
FNDA:0,(anonymous_14)
FNDA:0,(anonymous_15)
FNDA:0,(anonymous_16)
FNDA:0,(anonymous_17)
FNDA:0,(anonymous_18)
FNDA:0,(anonymous_19)
FNDA:0,(anonymous_20)
FNDA:0,(anonymous_21)
FNDA:0,(anonymous_22)
FNDA:0,(anonymous_23)
FNDA:0,(anonymous_24)
FNDA:0,(anonymous_25)
FNDA:0,(anonymous_26)
FNDA:0,(anonymous_27)
FNDA:0,(anonymous_28)
FNDA:0,(anonymous_29)
FNDA:0,(anonymous_30)
FNDA:0,(anonymous_31)
DA:5,0
DA:7,0
DA:16,0
DA:25,0
DA:36,0
DA:45,0
DA:54,0
DA:65,0
DA:74,0
DA:83,0
DA:94,0
DA:103,0
DA:112,0
DA:124,0
DA:126,0
DA:127,0
DA:128,0
DA:129,0
DA:131,0
DA:133,0
DA:135,0
DA:140,0
DA:145,0
DA:150,0
DA:163,0
DA:164,0
DA:165,0
DA:166,0
DA:168,0
DA:169,0
DA:187,0
DA:193,0
DA:197,0
DA:201,0
DA:205,0
DA:223,0
DA:245,0
DA:267,0
DA:289,0
DA:308,0
LF:40
LH:0
BRDA:131,0,0,0
BRDA:131,0,1,0
BRDA:131,1,0,0
BRDA:131,1,1,0
BRDA:158,2,0,0
BRDA:158,2,1,0
BRDA:185,3,0,0
BRDA:185,3,1,0
BRDA:216,4,0,0
BRDA:216,4,1,0
BRDA:238,5,0,0
BRDA:238,5,1,0
BRDA:260,6,0,0
BRDA:260,6,1,0
BRDA:282,7,0,0
BRDA:282,7,1,0
BRF:16
BRH:0
end_of_record
TN:
SF:src\components\MealPlansPage.js
FN:26,(anonymous_0)
FN:35,(anonymous_1)
FN:40,(anonymous_2)
FN:44,(anonymous_3)
FN:50,(anonymous_4)
FN:65,(anonymous_5)
FN:66,(anonymous_6)
FN:79,(anonymous_7)
FNF:8
FNH:0
FNDA:0,(anonymous_0)
FNDA:0,(anonymous_1)
FNDA:0,(anonymous_2)
FNDA:0,(anonymous_3)
FNDA:0,(anonymous_4)
FNDA:0,(anonymous_5)
FNDA:0,(anonymous_6)
FNDA:0,(anonymous_7)
DA:5,0
DA:21,0
DA:24,0
DA:26,0
DA:27,0
DA:28,0
DA:29,0
DA:31,0
DA:33,0
DA:35,0
DA:40,0
DA:45,0
DA:50,0
DA:66,0
DA:79,0
DA:95,0
LF:16
LH:0
BRDA:31,0,0,0
BRDA:31,0,1,0
BRDA:31,1,0,0
BRDA:31,1,1,0
BRDA:58,2,0,0
BRDA:58,2,1,0
BRDA:58,2,2,0
BRDA:61,3,0,0
BRDA:61,3,1,0
BRDA:61,3,2,0
BRDA:77,4,0,0
BRDA:77,4,1,0
BRF:12
BRH:0
end_of_record
TN:
SF:src\components\MealTracker.js
FN:4,(anonymous_0)
FN:6,(anonymous_1)
FN:7,(anonymous_2)
FN:8,(anonymous_3)
FN:9,(anonymous_4)
FN:19,(anonymous_5)
FN:38,(anonymous_6)
FN:45,(anonymous_7)
FNF:8
FNH:0
FNDA:0,(anonymous_0)
FNDA:0,(anonymous_1)
FNDA:0,(anonymous_2)
FNDA:0,(anonymous_3)
FNDA:0,(anonymous_4)
FNDA:0,(anonymous_5)
FNDA:0,(anonymous_6)
FNDA:0,(anonymous_7)
DA:4,0
DA:5,0
DA:6,0
DA:7,0
DA:8,0
DA:9,0
DA:12,0
DA:20,0
DA:21,0
DA:23,0
DA:24,0
DA:26,0
DA:38,0
DA:45,0
DA:59,0
LF:15
LH:0
BRDA:21,0,0,0
BRDA:21,0,1,0
BRDA:37,1,0,0
BRDA:37,1,1,0
BRDA:41,2,0,0
BRDA:41,2,1,0
BRDA:44,3,0,0
BRDA:44,3,1,0
BRDA:48,4,0,0
BRDA:48,4,1,0
BRF:10
BRH:0
end_of_record
TN:
SF:src\components\MoodTracker.js
FN:5,(anonymous_0)
FN:22,(anonymous_1)
FN:26,(anonymous_2)
FN:35,(anonymous_3)
FNF:4
FNH:0
FNDA:0,(anonymous_0)
FNDA:0,(anonymous_1)
FNDA:0,(anonymous_2)
FNDA:0,(anonymous_3)
DA:5,0
DA:6,0
DA:12,0
DA:23,0
DA:26,0
DA:35,0
LF:6
LH:0
BRDA:25,0,0,0
BRDA:25,0,1,0
BRF:2
BRH:0
end_of_record
TN:
SF:src\components\NotificationManager.js
FN:4,(anonymous_0)
FN:5,(anonymous_1)
FN:11,(anonymous_2)
FN:17,(anonymous_3)
FN:19,(anonymous_4)
FN:30,(anonymous_5)
FN:33,(anonymous_6)
FNF:7
FNH:0
FNDA:0,(anonymous_0)
FNDA:0,(anonymous_1)
FNDA:0,(anonymous_2)
FNDA:0,(anonymous_3)
FNDA:0,(anonymous_4)
FNDA:0,(anonymous_5)
FNDA:0,(anonymous_6)
DA:4,0
DA:5,0
DA:6,0
DA:7,0
DA:11,0
DA:12,0
DA:13,0
DA:17,0
DA:19,0
DA:20,0
DA:24,0
DA:31,0
DA:33,0
LF:13
LH:0
BRDA:6,0,0,0
BRDA:6,0,1,0
BRDA:6,1,0,0
BRDA:6,1,1,0
BRDA:12,2,0,0
BRDA:12,2,1,0
BRF:6
BRH:0
end_of_record
TN:
SF:src\components\PaymentModal.js
FN:5,(anonymous_0)
FN:23,(anonymous_1)
FN:29,(anonymous_2)
FN:63,(anonymous_3)
FN:74,(anonymous_4)
FN:103,(anonymous_5)
FN:111,(anonymous_6)
FN:119,(anonymous_7)
FN:134,(anonymous_8)
FN:144,(anonymous_9)
FN:155,(anonymous_10)
FN:165,(anonymous_11)
FN:176,(anonymous_12)
FN:186,(anonymous_13)
FN:195,(anonymous_14)
FN:203,(anonymous_15)
FN:212,(anonymous_16)
FN:245,(anonymous_17)
FN:250,(anonymous_18)
FN:273,(anonymous_19)
FN:282,(anonymous_20)
FNF:21
FNH:0
FNDA:0,(anonymous_0)
FNDA:0,(anonymous_1)
FNDA:0,(anonymous_2)
FNDA:0,(anonymous_3)
FNDA:0,(anonymous_4)
FNDA:0,(anonymous_5)
FNDA:0,(anonymous_6)
FNDA:0,(anonymous_7)
FNDA:0,(anonymous_8)
FNDA:0,(anonymous_9)
FNDA:0,(anonymous_10)
FNDA:0,(anonymous_11)
FNDA:0,(anonymous_12)
FNDA:0,(anonymous_13)
FNDA:0,(anonymous_14)
FNDA:0,(anonymous_15)
FNDA:0,(anonymous_16)
FNDA:0,(anonymous_17)
FNDA:0,(anonymous_18)
FNDA:0,(anonymous_19)
FNDA:0,(anonymous_20)
DA:5,0
DA:6,0
DA:7,0
DA:8,0
DA:9,0
DA:10,0
DA:15,0
DA:16,0
DA:23,0
DA:24,0
DA:25,0
DA:26,0
DA:29,0
DA:30,0
DA:31,0
DA:32,0
DA:34,0
DA:35,0
DA:36,0
DA:40,0
DA:41,0
DA:42,0
DA:46,0
DA:47,0
DA:48,0
DA:49,0
DA:54,0
DA:55,0
DA:56,0
DA:59,0
DA:60,0
DA:63,0
DA:64,0
DA:66,0
DA:67,0
DA:68,0
DA:69,0
DA:70,0
DA:74,0
DA:75,0
DA:76,0
DA:77,0
DA:78,0
DA:81,0
DA:83,0
DA:103,0
DA:111,0
DA:119,0
DA:134,0
DA:144,0
DA:155,0
DA:165,0
DA:176,0
DA:186,0
DA:195,0
DA:203,0
DA:212,0
DA:245,0
DA:251,0
DA:252,0
DA:273,0
DA:282,0
DA:291,0
LF:63
LH:0
BRDA:30,0,0,0
BRDA:30,0,1,0
BRDA:30,1,0,0
BRDA:30,1,1,0
BRDA:30,1,2,0
BRDA:34,2,0,0
BRDA:34,2,1,0
BRDA:40,3,0,0
BRDA:40,3,1,0
BRDA:40,4,0,0
BRDA:40,4,1,0
BRDA:40,4,2,0
BRDA:46,5,0,0
BRDA:46,5,1,0
BRDA:47,6,0,0
BRDA:47,6,1,0
BRDA:47,7,0,0
BRDA:47,7,1,0
BRDA:47,7,2,0
BRDA:47,7,3,0
BRDA:54,8,0,0
BRDA:54,8,1,0
BRDA:54,9,0,0
BRDA:54,9,1,0
BRDA:66,10,0,0
BRDA:66,10,1,0
BRDA:67,11,0,0
BRDA:67,11,1,0
BRDA:81,12,0,0
BRDA:81,12,1,0
BRDA:94,13,0,0
BRDA:94,13,1,0
BRDA:94,13,2,0
BRDA:138,14,0,0
BRDA:138,14,1,0
BRDA:159,15,0,0
BRDA:159,15,1,0
BRDA:180,16,0,0
BRDA:180,16,1,0
BRDA:228,17,0,0
BRDA:228,17,1,0
BRDA:230,18,0,0
BRDA:230,18,1,0
BRDA:236,19,0,0
BRDA:236,19,1,0
BRDA:239,20,0,0
BRDA:239,20,1,0
BRDA:261,21,0,0
BRDA:261,21,1,0
BRDA:269,22,0,0
BRDA:269,22,1,0
BRDA:278,23,0,0
BRDA:278,23,1,0
BRF:53
BRH:0
end_of_record
TN:
SF:src\components\PersonalizedPlan.js
FN:6,(anonymous_0)
FN:57,(anonymous_1)
FN:66,(anonymous_2)
FN:67,(anonymous_3)
FN:71,(anonymous_4)
FN:103,(anonymous_5)
FN:142,(anonymous_6)
FN:149,(anonymous_7)
FN:150,(anonymous_8)
FN:153,(anonymous_9)
FN:154,(anonymous_10)
FN:157,(anonymous_11)
FN:162,(anonymous_12)
FN:168,(anonymous_13)
FN:174,(anonymous_14)
FN:187,(anonymous_15)
FN:194,(anonymous_16)
FN:201,(anonymous_17)
FN:227,(anonymous_18)
FN:236,(anonymous_19)
FN:249,(anonymous_20)
FN:259,(anonymous_21)
FN:273,(anonymous_22)
FN:280,(anonymous_23)
FN:302,(anonymous_24)
FN:309,(anonymous_25)
FN:321,(anonymous_26)
FN:328,(anonymous_27)
FN:442,(anonymous_28)
FNF:29
FNH:0
FNDA:0,(anonymous_0)
FNDA:0,(anonymous_1)
FNDA:0,(anonymous_2)
FNDA:0,(anonymous_3)
FNDA:0,(anonymous_4)
FNDA:0,(anonymous_5)
FNDA:0,(anonymous_6)
FNDA:0,(anonymous_7)
FNDA:0,(anonymous_8)
FNDA:0,(anonymous_9)
FNDA:0,(anonymous_10)
FNDA:0,(anonymous_11)
FNDA:0,(anonymous_12)
FNDA:0,(anonymous_13)
FNDA:0,(anonymous_14)
FNDA:0,(anonymous_15)
FNDA:0,(anonymous_16)
FNDA:0,(anonymous_17)
FNDA:0,(anonymous_18)
FNDA:0,(anonymous_19)
FNDA:0,(anonymous_20)
FNDA:0,(anonymous_21)
FNDA:0,(anonymous_22)
FNDA:0,(anonymous_23)
FNDA:0,(anonymous_24)
FNDA:0,(anonymous_25)
FNDA:0,(anonymous_26)
FNDA:0,(anonymous_27)
FNDA:0,(anonymous_28)
DA:6,0
DA:7,0
DA:8,0
DA:10,0
DA:11,0
DA:23,0
DA:25,0
DA:33,0
DA:40,0
DA:48,0
DA:53,0
DA:57,0
DA:59,0
DA:60,0
DA:62,0
DA:66,0
DA:67,0
DA:68,0
DA:71,0
DA:74,0
DA:76,0
DA:77,0
DA:78,0
DA:79,0
DA:81,0
DA:82,0
DA:83,0
DA:84,0
DA:86,0
DA:87,0
DA:88,0
DA:89,0
DA:91,0
DA:92,0
DA:93,0
DA:96,0
DA:103,0
DA:104,0
DA:106,0
DA:107,0
DA:110,0
DA:111,0
DA:114,0
DA:116,0
DA:117,0
DA:119,0
DA:120,0
DA:122,0
DA:123,0
DA:126,0
DA:129,0
DA:130,0
DA:132,0
DA:142,0
DA:143,0
DA:144,0
DA:145,0
DA:149,0
DA:150,0
DA:153,0
DA:154,0
DA:157,0
DA:162,0
DA:163,0
DA:164,0
DA:168,0
DA:169,0
DA:170,0
DA:174,0
DA:175,0
DA:178,0
DA:184,0
DA:187,0
DA:188,0
DA:190,0
DA:195,0
DA:201,0
DA:218,0
DA:227,0
DA:236,0
DA:249,0
DA:259,0
DA:269,0
DA:274,0
DA:280,0
DA:296,0
DA:303,0
DA:309,0
DA:322,0
DA:328,0
DA:341,0
DA:432,0
DA:436,0
DA:443,0
DA:444,0
DA:515,0
LF:96
LH:0
BRDA:12,0,0,0
BRDA:12,0,1,0
BRDA:13,1,0,0
BRDA:13,1,1,0
BRDA:14,2,0,0
BRDA:14,2,1,0
BRDA:15,3,0,0
BRDA:15,3,1,0
BRDA:16,4,0,0
BRDA:16,4,1,0
BRDA:17,5,0,0
BRDA:17,5,1,0
BRDA:18,6,0,0
BRDA:18,6,1,0
BRDA:19,7,0,0
BRDA:19,7,1,0
BRDA:20,8,0,0
BRDA:20,8,1,0
BRDA:59,9,0,0
BRDA:59,9,1,0
BRDA:67,10,0,0
BRDA:67,10,1,0
BRDA:74,11,0,0
BRDA:74,11,1,0
BRDA:74,11,2,0
BRDA:74,11,3,0
BRDA:106,12,0,0
BRDA:106,12,1,0
BRDA:106,13,0,0
BRDA:106,13,1,0
BRDA:106,13,2,0
BRDA:106,13,3,0
BRDA:106,13,4,0
BRDA:106,13,5,0
BRDA:114,14,0,0
BRDA:114,14,1,0
BRDA:114,14,2,0
BRDA:114,14,3,0
BRDA:138,15,0,0
BRDA:138,15,1,0
BRDA:138,16,0,0
BRDA:138,16,1,0
BRDA:143,17,0,0
BRDA:143,17,1,0
BRDA:156,18,0,0
BRDA:156,18,1,0
BRDA:163,19,0,0
BRDA:163,19,1,0
BRDA:169,20,0,0
BRDA:169,20,1,0
BRDA:188,21,0,0
BRDA:188,21,1,0
BRDA:188,21,2,0
BRDA:188,21,3,0
BRDA:188,21,4,0
BRDA:188,21,5,0
BRDA:199,22,0,0
BRDA:199,22,1,0
BRDA:208,23,0,0
BRDA:208,23,1,0
BRDA:278,24,0,0
BRDA:278,24,1,0
BRDA:286,25,0,0
BRDA:286,25,1,0
BRDA:307,26,0,0
BRDA:307,26,1,0
BRDA:326,27,0,0
BRDA:326,27,1,0
BRDA:344,28,0,0
BRDA:344,28,1,0
BRDA:398,29,0,0
BRDA:398,29,1,0
BRDA:398,30,0,0
BRDA:398,30,1,0
BRDA:403,31,0,0
BRDA:403,31,1,0
BRDA:406,32,0,0
BRDA:406,32,1,0
BRDA:448,33,0,0
BRDA:448,33,1,0
BRDA:449,34,0,0
BRDA:449,34,1,0
BRDA:451,35,0,0
BRDA:451,35,1,0
BRDA:455,36,0,0
BRDA:455,36,1,0
BRDA:459,37,0,0
BRDA:459,37,1,0
BRDA:462,38,0,0
BRDA:462,38,1,0
BRDA:488,39,0,0
BRDA:488,39,1,0
BRDA:492,40,0,0
BRDA:492,40,1,0
BRDA:493,41,0,0
BRDA:493,41,1,0
BRDA:499,42,0,0
BRDA:499,42,1,0
BRF:98
BRH:0
end_of_record
TN:
SF:src\components\ProgressCharts.js
FN:5,(anonymous_0)
FN:6,(anonymous_1)
FN:7,(anonymous_2)
FNF:3
FNH:0
FNDA:0,(anonymous_0)
FNDA:0,(anonymous_1)
FNDA:0,(anonymous_2)
DA:5,0
DA:6,0
DA:7,0
DA:9,0
LF:4
LH:0
BRDA:29,0,0,0
BRDA:29,0,1,0
BRF:2
BRH:0
end_of_record
TN:
SF:src\components\RecipesPage.js
FN:154,(anonymous_0)
FN:155,(anonymous_1)
FN:163,(anonymous_2)
FN:169,(anonymous_3)
FN:170,(anonymous_4)
FN:172,(anonymous_5)
FN:180,(anonymous_6)
FN:187,(anonymous_7)
FN:192,(anonymous_8)
FN:196,(anonymous_9)
FN:203,(anonymous_10)
FN:211,(anonymous_11)
FN:218,(anonymous_12)
FN:219,(anonymous_13)
FNF:14
FNH:0
FNDA:0,(anonymous_0)
FNDA:0,(anonymous_1)
FNDA:0,(anonymous_2)
FNDA:0,(anonymous_3)
FNDA:0,(anonymous_4)
FNDA:0,(anonymous_5)
FNDA:0,(anonymous_6)
FNDA:0,(anonymous_7)
FNDA:0,(anonymous_8)
FNDA:0,(anonymous_9)
FNDA:0,(anonymous_10)
FNDA:0,(anonymous_11)
FNDA:0,(anonymous_12)
FNDA:0,(anonymous_13)
DA:5,0
DA:21,0
DA:24,0
DA:154,0
DA:155,0
DA:163,0
DA:164,0
DA:165,0
DA:166,0
DA:169,0
DA:170,0
DA:171,0
DA:172,0
DA:173,0
DA:174,0
DA:178,0
DA:180,0
DA:187,0
DA:192,0
DA:197,0
DA:203,0
DA:211,0
DA:219,0
DA:235,0
LF:24
LH:0
BRDA:171,0,0,0
BRDA:171,0,1,0
BRDA:173,1,0,0
BRDA:173,1,1,0
BRDA:174,2,0,0
BRDA:174,2,1,0
BRDA:201,3,0,0
BRDA:201,3,1,0
BRF:8
BRH:0
end_of_record
TN:
SF:src\components\Sidebar.js
FN:26,(anonymous_0)
FN:46,(anonymous_1)
FN:47,(anonymous_2)
FN:57,(anonymous_3)
FN:58,(anonymous_4)
FN:64,(anonymous_5)
FN:68,(anonymous_6)
FN:92,(anonymous_7)
FN:180,(anonymous_8)
FN:201,(anonymous_9)
FN:229,(anonymous_10)
FN:238,(anonymous_11)
FN:252,(anonymous_12)
FN:280,(anonymous_13)
FN:283,(anonymous_14)
FN:294,(anonymous_15)
FN:317,(anonymous_16)
FN:345,(anonymous_17)
FNF:18
FNH:6
FNDA:12,(anonymous_0)
FNDA:48,(anonymous_1)
FNDA:48,(anonymous_2)
FNDA:0,(anonymous_3)
FNDA:0,(anonymous_4)
FNDA:1,(anonymous_5)
FNDA:7,(anonymous_6)
FNDA:0,(anonymous_7)
FNDA:1,(anonymous_8)
FNDA:0,(anonymous_9)
FNDA:0,(anonymous_10)
FNDA:0,(anonymous_11)
FNDA:0,(anonymous_12)
FNDA:0,(anonymous_13)
FNDA:0,(anonymous_14)
FNDA:0,(anonymous_15)
FNDA:0,(anonymous_16)
FNDA:0,(anonymous_17)
DA:26,1
DA:34,12
DA:36,12
DA:37,12
DA:39,12
DA:46,48
DA:47,48
DA:48,12
DA:49,12
DA:50,12
DA:53,12
DA:57,12
DA:58,0
DA:64,12
DA:65,1
DA:68,12
DA:69,7
DA:72,12
DA:77,12
DA:82,12
DA:92,0
DA:180,1
DA:201,0
DA:230,0
DA:238,0
DA:252,0
DA:280,0
DA:283,0
DA:294,0
DA:317,0
DA:345,0
DA:373,1
LF:32
LH:21
BRDA:46,0,0,0
BRDA:46,0,1,48
BRDA:53,1,0,0
BRDA:53,1,1,12
BRDA:53,2,0,12
BRDA:53,2,1,0
BRDA:65,3,0,1
BRDA:65,3,1,0
BRDA:87,4,0,0
BRDA:87,4,1,12
BRDA:95,5,0,0
BRDA:95,5,1,12
BRDA:101,6,0,0
BRDA:101,6,1,12
BRDA:105,7,0,0
BRDA:105,7,1,12
BRDA:110,8,0,12
BRDA:110,8,1,12
BRDA:118,9,0,12
BRDA:118,9,1,12
BRDA:120,10,0,12
BRDA:120,10,1,12
BRDA:179,11,0,12
BRDA:179,11,1,0
BRDA:184,12,0,12
BRDA:184,12,1,12
BRDA:205,13,0,12
BRDA:205,13,1,12
BRDA:216,14,0,12
BRDA:216,14,1,12
BRDA:217,15,0,0
BRDA:217,15,1,12
BRDA:221,16,0,12
BRDA:221,16,1,0
BRDA:221,16,2,0
BRDA:256,17,0,12
BRDA:256,17,1,12
BRDA:267,18,0,12
BRDA:267,18,1,12
BRDA:268,19,0,0
BRDA:268,19,1,12
BRDA:272,20,0,12
BRDA:272,20,1,0
BRDA:272,20,2,0
BRDA:293,21,0,0
BRDA:293,21,1,12
BRDA:298,22,0,12
BRDA:298,22,1,12
BRDA:321,23,0,12
BRDA:321,23,1,12
BRDA:332,24,0,12
BRDA:332,24,1,12
BRDA:333,25,0,0
BRDA:333,25,1,12
BRDA:337,26,0,12
BRDA:337,26,1,0
BRDA:337,26,2,0
BRDA:364,27,0,11
BRDA:364,27,1,1
BRDA:366,28,0,11
BRDA:366,28,1,1
BRF:61
BRH:42
end_of_record
TN:
SF:src\components\StepsTracker.js
FN:6,(anonymous_0)
FN:11,(anonymous_1)
FN:19,(anonymous_2)
FN:50,(anonymous_3)
FNF:4
FNH:0
FNDA:0,(anonymous_0)
FNDA:0,(anonymous_1)
FNDA:0,(anonymous_2)
FNDA:0,(anonymous_3)
DA:6,0
DA:7,0
DA:8,0
DA:9,0
DA:11,0
DA:12,0
DA:13,0
DA:14,0
DA:15,0
DA:19,0
DA:20,0
DA:23,0
DA:25,0
DA:50,0
LF:14
LH:0
BRDA:13,0,0,0
BRDA:13,0,1,0
BRDA:13,1,0,0
BRDA:13,1,1,0
BRF:4
BRH:0
end_of_record
TN:
SF:src\components\ThemeSwitcher.js
FN:4,(anonymous_0)
FN:7,(anonymous_1)
FNF:2
FNH:0
FNDA:0,(anonymous_0)
FNDA:0,(anonymous_1)
DA:4,0
DA:5,0
DA:7,0
DA:8,0
DA:11,0
LF:5
LH:0
BRDA:8,0,0,0
BRDA:8,0,1,0
BRDA:13,1,0,0
BRDA:13,1,1,0
BRF:4
BRH:0
end_of_record
TN:
SF:src\components\TodayTasks.js
FN:5,(anonymous_0)
FN:8,(anonymous_1)
FN:9,(anonymous_2)
FN:18,(anonymous_3)
FN:46,(anonymous_4)
FNF:5
FNH:0
FNDA:0,(anonymous_0)
FNDA:0,(anonymous_1)
FNDA:0,(anonymous_2)
FNDA:0,(anonymous_3)
FNDA:0,(anonymous_4)
DA:5,0
DA:6,0
DA:7,0
DA:8,0
DA:9,0
DA:11,0
DA:19,0
DA:47,0
LF:8
LH:0
BRDA:16,0,0,0
BRDA:16,0,1,0
BRDA:44,1,0,0
BRDA:44,1,1,0
BRF:4
BRH:0
end_of_record
TN:
SF:src\components\TrackingPage.js
FN:11,(anonymous_0)
FN:31,(anonymous_1)
FN:32,(anonymous_2)
FN:38,(anonymous_3)
FN:39,(anonymous_4)
FN:43,(anonymous_5)
FN:47,(anonymous_6)
FN:51,(anonymous_7)
FN:55,(anonymous_8)
FN:56,(anonymous_9)
FN:60,(anonymous_10)
FN:73,(anonymous_11)
FN:79,(anonymous_12)
FN:79,(anonymous_13)
FN:82,(anonymous_14)
FN:83,(anonymous_15)
FNF:16
FNH:0
FNDA:0,(anonymous_0)
FNDA:0,(anonymous_1)
FNDA:0,(anonymous_2)
FNDA:0,(anonymous_3)
FNDA:0,(anonymous_4)
FNDA:0,(anonymous_5)
FNDA:0,(anonymous_6)
FNDA:0,(anonymous_7)
FNDA:0,(anonymous_8)
FNDA:0,(anonymous_9)
FNDA:0,(anonymous_10)
FNDA:0,(anonymous_11)
FNDA:0,(anonymous_12)
FNDA:0,(anonymous_13)
FNDA:0,(anonymous_14)
FNDA:0,(anonymous_15)
DA:11,0
DA:20,0
DA:22,0
DA:24,0
DA:31,0
DA:32,0
DA:33,0
DA:35,0
DA:38,0
DA:39,0
DA:40,0
DA:43,0
DA:44,0
DA:47,0
DA:48,0
DA:51,0
DA:52,0
DA:55,0
DA:56,0
DA:57,0
DA:60,0
DA:61,0
DA:62,0
DA:66,0
DA:73,0
DA:79,0
DA:82,0
DA:83,0
LF:28
LH:0
BRDA:33,0,0,0
BRDA:33,0,1,0
BRDA:56,1,0,0
BRDA:56,1,1,0
BRDA:61,2,0,0
BRDA:61,2,1,0
BRF:6
BRH:0
end_of_record
TN:
SF:src\components\UserProfile.js
FN:5,(anonymous_0)
FN:11,(anonymous_1)
FN:26,(anonymous_2)
FN:30,(anonymous_3)
FN:37,(anonymous_4)
FN:41,(anonymous_5)
FN:46,(anonymous_6)
FN:46,(anonymous_7)
FN:47,(anonymous_8)
FN:47,(anonymous_9)
FN:48,(anonymous_10)
FN:48,(anonymous_11)
FN:53,(anonymous_12)
FN:70,(anonymous_13)
FN:89,(anonymous_14)
FN:95,(anonymous_15)
FN:101,(anonymous_16)
FN:107,(anonymous_17)
FN:143,(anonymous_18)
FN:228,(anonymous_19)
FNF:20
FNH:0
FNDA:0,(anonymous_0)
FNDA:0,(anonymous_1)
FNDA:0,(anonymous_2)
FNDA:0,(anonymous_3)
FNDA:0,(anonymous_4)
FNDA:0,(anonymous_5)
FNDA:0,(anonymous_6)
FNDA:0,(anonymous_7)
FNDA:0,(anonymous_8)
FNDA:0,(anonymous_9)
FNDA:0,(anonymous_10)
FNDA:0,(anonymous_11)
FNDA:0,(anonymous_12)
FNDA:0,(anonymous_13)
FNDA:0,(anonymous_14)
FNDA:0,(anonymous_15)
FNDA:0,(anonymous_16)
FNDA:0,(anonymous_17)
FNDA:0,(anonymous_18)
FNDA:0,(anonymous_19)
DA:5,0
DA:6,0
DA:7,0
DA:8,0
DA:9,0
DA:11,0
DA:12,0
DA:13,0
DA:14,0
DA:23,0
DA:26,0
DA:27,0
DA:28,0
DA:29,0
DA:30,0
DA:31,0
DA:33,0
DA:37,0
DA:38,0
DA:41,0
DA:42,0
DA:43,0
DA:44,0
DA:46,0
DA:47,0
DA:48,0
DA:50,0
DA:53,0
DA:54,0
DA:55,0
DA:56,0
DA:67,0
DA:70,0
DA:71,0
DA:72,0
DA:73,0
DA:79,0
DA:82,0
DA:89,0
DA:95,0
DA:101,0
DA:107,0
DA:143,0
DA:229,0
DA:230,0
DA:231,0
DA:232,0
DA:233,0
LF:48
LH:0
BRDA:8,0,0,0
BRDA:8,0,1,0
BRDA:28,1,0,0
BRDA:28,1,1,0
BRDA:59,2,0,0
BRDA:59,2,1,0
BRDA:60,3,0,0
BRDA:60,3,1,0
BRDA:62,4,0,0
BRDA:62,4,1,0
BRDA:63,5,0,0
BRDA:63,5,1,0
BRDA:64,6,0,0
BRDA:64,6,1,0
BRDA:88,7,0,0
BRDA:88,7,1,0
BRDA:94,8,0,0
BRDA:94,8,1,0
BRDA:100,9,0,0
BRDA:100,9,1,0
BRDA:106,10,0,0
BRDA:106,10,1,0
BRDA:114,11,0,0
BRDA:114,11,1,0
BRDA:122,12,0,0
BRDA:122,12,1,0
BRDA:146,13,0,0
BRDA:146,13,1,0
BRDA:221,14,0,0
BRDA:221,14,1,0
BRDA:221,14,2,0
BRDA:230,15,0,0
BRDA:230,15,1,0
BRDA:231,16,0,0
BRDA:231,16,1,0
BRDA:232,17,0,0
BRDA:232,17,1,0
BRDA:243,18,0,0
BRDA:243,18,1,0
BRDA:299,19,0,0
BRDA:299,19,1,0
BRDA:390,20,0,0
BRDA:390,20,1,0
BRF:43
BRH:0
end_of_record
TN:
SF:src\components\UserProfileDropdown.js
FN:5,(anonymous_0)
FN:18,(anonymous_1)
FN:33,(anonymous_2)
FN:34,(anonymous_3)
FN:73,(anonymous_4)
FN:76,(anonymous_5)
FN:79,(anonymous_6)
FN:88,(anonymous_7)
FN:89,(anonymous_8)
FNF:9
FNH:0
FNDA:0,(anonymous_0)
FNDA:0,(anonymous_1)
FNDA:0,(anonymous_2)
FNDA:0,(anonymous_3)
FNDA:0,(anonymous_4)
FNDA:0,(anonymous_5)
FNDA:0,(anonymous_6)
FNDA:0,(anonymous_7)
FNDA:0,(anonymous_8)
DA:5,0
DA:6,0
DA:7,0
DA:10,0
DA:18,0
DA:19,0
DA:22,0
DA:28,0
DA:33,0
DA:34,0
DA:88,0
DA:89,0
DA:100,0
LF:13
LH:0
BRDA:38,0,0,0
BRDA:38,0,1,0
BRDA:42,1,0,0
BRDA:42,1,1,0
BRF:4
BRH:0
end_of_record
TN:
SF:src\components\WaterTracker.js
FN:4,(anonymous_0)
FN:27,(anonymous_1)
FNF:2
FNH:0
FNDA:0,(anonymous_0)
FNDA:0,(anonymous_1)
DA:4,0
DA:5,0
DA:6,0
DA:7,0
DA:9,0
DA:27,0
DA:37,0
LF:7
LH:0
BRF:0
BRH:0
end_of_record
TN:
SF:src\contexts\AppContext.js
FN:7,(anonymous_0)
FN:16,(anonymous_1)
FN:76,(anonymous_2)
FN:88,(anonymous_3)
FN:93,(anonymous_4)
FN:98,(anonymous_5)
FN:99,(anonymous_6)
FN:102,(anonymous_7)
FN:103,(anonymous_8)
FN:106,(anonymous_9)
FN:107,(anonymous_10)
FN:110,(anonymous_11)
FN:111,(anonymous_12)
FN:114,(anonymous_13)
FN:115,(anonymous_14)
FN:118,(anonymous_15)
FN:119,(anonymous_16)
FN:122,(anonymous_17)
FN:123,(anonymous_18)
FN:127,(anonymous_19)
FN:128,(anonymous_20)
FN:131,(anonymous_21)
FN:132,(anonymous_22)
FN:135,(anonymous_23)
FN:136,(anonymous_24)
FN:139,(anonymous_25)
FN:140,(anonymous_26)
FN:143,(anonymous_27)
FN:144,(anonymous_28)
FNF:29
FNH:5
FNDA:12,(anonymous_0)
FNDA:12,(anonymous_1)
FNDA:6,(anonymous_2)
FNDA:11,(anonymous_3)
FNDA:11,(anonymous_4)
FNDA:0,(anonymous_5)
FNDA:0,(anonymous_6)
FNDA:0,(anonymous_7)
FNDA:0,(anonymous_8)
FNDA:0,(anonymous_9)
FNDA:0,(anonymous_10)
FNDA:0,(anonymous_11)
FNDA:0,(anonymous_12)
FNDA:0,(anonymous_13)
FNDA:0,(anonymous_14)
FNDA:0,(anonymous_15)
FNDA:0,(anonymous_16)
FNDA:0,(anonymous_17)
FNDA:0,(anonymous_18)
FNDA:0,(anonymous_19)
FNDA:0,(anonymous_20)
FNDA:0,(anonymous_21)
FNDA:0,(anonymous_22)
FNDA:0,(anonymous_23)
FNDA:0,(anonymous_24)
FNDA:0,(anonymous_25)
FNDA:0,(anonymous_26)
FNDA:0,(anonymous_27)
FNDA:0,(anonymous_28)
DA:4,1
DA:7,1
DA:8,12
DA:9,12
DA:10,0
DA:12,12
DA:16,1
DA:18,12
DA:34,12
DA:70,12
DA:73,12
DA:76,12
DA:77,6
DA:78,6
DA:79,5
DA:81,6
DA:82,6
DA:83,5
DA:88,12
DA:89,11
DA:93,12
DA:94,11
DA:98,12
DA:99,0
DA:102,12
DA:103,0
DA:106,12
DA:107,0
DA:110,12
DA:111,0
DA:114,12
DA:115,0
DA:118,12
DA:119,0
DA:122,12
DA:123,0
DA:127,12
DA:128,0
DA:131,12
DA:132,0
DA:135,12
DA:136,0
DA:139,12
DA:140,0
DA:143,12
DA:144,0
DA:148,12
DA:169,12
LF:48
LH:35
BRDA:9,0,0,0
BRDA:9,0,1,12
BRDA:78,1,0,5
BRDA:78,1,1,1
BRDA:82,2,0,5
BRDA:82,2,1,1
BRF:6
BRH:5
end_of_record
TN:
SF:src\pages\LandingPage.js
FN:8,(anonymous_0)
FN:19,(anonymous_1)
FN:20,(anonymous_2)
FN:21,(anonymous_3)
FN:29,(anonymous_4)
FN:71,(anonymous_5)
FN:75,(anonymous_6)
FN:79,(anonymous_7)
FN:84,(anonymous_8)
FN:88,(anonymous_9)
FN:101,(anonymous_10)
FN:239,(anonymous_11)
FN:389,(anonymous_12)
FN:448,(anonymous_13)
FN:472,(anonymous_14)
FN:496,(anonymous_15)
FN:530,(anonymous_16)
FN:541,(anonymous_17)
FN:552,(anonymous_18)
FNF:19
FNH:0
FNDA:0,(anonymous_0)
FNDA:0,(anonymous_1)
FNDA:0,(anonymous_2)
FNDA:0,(anonymous_3)
FNDA:0,(anonymous_4)
FNDA:0,(anonymous_5)
FNDA:0,(anonymous_6)
FNDA:0,(anonymous_7)
FNDA:0,(anonymous_8)
FNDA:0,(anonymous_9)
FNDA:0,(anonymous_10)
FNDA:0,(anonymous_11)
FNDA:0,(anonymous_12)
FNDA:0,(anonymous_13)
FNDA:0,(anonymous_14)
FNDA:0,(anonymous_15)
FNDA:0,(anonymous_16)
FNDA:0,(anonymous_17)
FNDA:0,(anonymous_18)
DA:8,0
DA:9,0
DA:10,0
DA:11,0
DA:12,0
DA:13,0
DA:15,0
DA:16,0
DA:19,0
DA:20,0
DA:21,0
DA:22,0
DA:23,0
DA:24,0
DA:25,0
DA:26,0
DA:29,0
DA:32,0
DA:43,0
DA:55,0
DA:60,0
DA:71,0
DA:72,0
DA:75,0
DA:76,0
DA:79,0
DA:81,0
DA:84,0
DA:85,0
DA:88,0
DA:89,0
DA:92,0
DA:102,0
DA:239,0
DA:389,0
DA:448,0
DA:472,0
DA:496,0
DA:530,0
DA:541,0
DA:552,0
LF:41
LH:0
BRDA:22,0,0,0
BRDA:22,0,1,0
BRDA:23,1,0,0
BRDA:23,1,1,0
BRDA:24,2,0,0
BRDA:24,2,1,0
BRDA:25,3,0,0
BRDA:25,3,1,0
BRDA:226,4,0,0
BRDA:226,4,1,0
BRF:10
BRH:0
end_of_record
TN:
SF:src\pages\LoginPage.js
FN:6,(anonymous_0)
FN:41,(anonymous_1)
FN:44,(anonymous_2)
FN:49,(anonymous_3)
FN:56,(anonymous_4)
FN:78,(anonymous_5)
FN:85,(anonymous_6)
FN:104,(anonymous_7)
FN:115,(anonymous_8)
FN:118,(anonymous_9)
FN:182,(anonymous_10)
FN:343,(anonymous_11)
FN:366,(anonymous_12)
FNF:13
FNH:0
FNDA:0,(anonymous_0)
FNDA:0,(anonymous_1)
FNDA:0,(anonymous_2)
FNDA:0,(anonymous_3)
FNDA:0,(anonymous_4)
FNDA:0,(anonymous_5)
FNDA:0,(anonymous_6)
FNDA:0,(anonymous_7)
FNDA:0,(anonymous_8)
FNDA:0,(anonymous_9)
FNDA:0,(anonymous_10)
FNDA:0,(anonymous_11)
FNDA:0,(anonymous_12)
DA:6,0
DA:7,0
DA:8,0
DA:9,0
DA:10,0
DA:21,0
DA:26,0
DA:27,0
DA:29,0
DA:41,0
DA:42,0
DA:43,0
DA:44,0
DA:49,0
DA:56,0
DA:57,0
DA:59,0
DA:60,0
DA:61,0
DA:63,0
DA:64,0
DA:65,0
DA:66,0
DA:67,0
DA:68,0
DA:69,0
DA:70,0
DA:71,0
DA:74,0
DA:75,0
DA:78,0
DA:79,0
DA:80,0
DA:82,0
DA:85,0
DA:86,0
DA:88,0
DA:89,0
DA:91,0
DA:92,0
DA:95,0
DA:96,0
DA:97,0
DA:98,0
DA:100,0
DA:104,0
DA:105,0
DA:106,0
DA:107,0
DA:108,0
DA:110,0
DA:111,0
DA:115,0
DA:116,0
DA:117,0
DA:118,0
DA:122,0
DA:182,0
DA:343,0
DA:367,0
DA:368,0
LF:61
LH:0
BRDA:43,0,0,0
BRDA:43,0,1,0
BRDA:46,1,0,0
BRDA:46,1,1,0
BRDA:59,2,0,0
BRDA:59,2,1,0
BRDA:60,3,0,0
BRDA:60,3,1,0
BRDA:61,4,0,0
BRDA:61,4,1,0
BRDA:63,5,0,0
BRDA:63,5,1,0
BRDA:64,6,0,0
BRDA:64,6,1,0
BRDA:65,7,0,0
BRDA:65,7,1,0
BRDA:66,8,0,0
BRDA:66,8,1,0
BRDA:67,9,0,0
BRDA:67,9,1,0
BRDA:68,10,0,0
BRDA:68,10,1,0
BRDA:69,11,0,0
BRDA:69,11,1,0
BRDA:70,12,0,0
BRDA:70,12,1,0
BRDA:71,13,0,0
BRDA:71,13,1,0
BRDA:80,14,0,0
BRDA:80,14,1,0
BRDA:86,15,0,0
BRDA:86,15,1,0
BRDA:88,16,0,0
BRDA:88,16,1,0
BRDA:106,17,0,0
BRDA:106,17,1,0
BRDA:117,18,0,0
BRDA:117,18,1,0
BRDA:137,19,0,0
BRDA:137,19,1,0
BRDA:137,20,0,0
BRDA:137,20,1,0
BRDA:145,21,0,0
BRDA:145,21,1,0
BRDA:147,22,0,0
BRDA:147,22,1,0
BRDA:154,23,0,0
BRDA:154,23,1,0
BRDA:163,24,0,0
BRDA:163,24,1,0
BRDA:166,25,0,0
BRDA:166,25,1,0
BRDA:176,26,0,0
BRDA:176,26,1,0
BRDA:189,27,0,0
BRDA:189,27,1,0
BRDA:198,28,0,0
BRDA:198,28,1,0
BRDA:201,29,0,0
BRDA:201,29,1,0
BRDA:212,30,0,0
BRDA:212,30,1,0
BRDA:214,31,0,0
BRDA:214,31,1,0
BRDA:223,32,0,0
BRDA:223,32,1,0
BRDA:231,33,0,0
BRDA:231,33,1,0
BRDA:243,34,0,0
BRDA:243,34,1,0
BRDA:248,35,0,0
BRDA:248,35,1,0
BRDA:258,36,0,0
BRDA:258,36,1,0
BRDA:263,37,0,0
BRDA:263,37,1,0
BRDA:273,38,0,0
BRDA:273,38,1,0
BRDA:282,39,0,0
BRDA:282,39,1,0
BRDA:292,40,0,0
BRDA:292,40,1,0
BRDA:294,41,0,0
BRDA:294,41,1,0
BRDA:297,42,0,0
BRDA:297,42,1,0
BRDA:305,43,0,0
BRDA:305,43,1,0
BRDA:307,44,0,0
BRDA:307,44,1,0
BRDA:310,45,0,0
BRDA:310,45,1,0
BRDA:313,46,0,0
BRDA:313,46,1,0
BRDA:321,47,0,0
BRDA:321,47,1,0
BRDA:324,48,0,0
BRDA:324,48,1,0
BRDA:328,49,0,0
BRDA:328,49,1,0
BRDA:357,50,0,0
BRDA:357,50,1,0
BRDA:357,51,0,0
BRDA:357,51,1,0
BRDA:362,52,0,0
BRDA:362,52,1,0
BRDA:371,53,0,0
BRDA:371,53,1,0
BRF:108
BRH:0
end_of_record
TN:
SF:src\pages\PaymentPage.js
FN:5,(anonymous_0)
FN:13,(anonymous_1)
FNF:2
FNH:0
FNDA:0,(anonymous_0)
FNDA:0,(anonymous_1)
DA:5,0
DA:6,0
DA:7,0
DA:9,0
DA:13,0
LF:5
LH:0
BRDA:7,0,0,0
BRDA:7,0,1,0
BRF:2
BRH:0
end_of_record
